ARM GAS  /var/folders/nl/q97gxh4d5b321tqt4kfb6yzh0000gn/T//ccII5KeG.s 			page 1


   1              		.cpu cortex-m4
   2              		.eabi_attribute 20, 1	@ Tag_ABI_FP_denormal
   3              		.eabi_attribute 21, 1	@ Tag_ABI_FP_exceptions
   4              		.eabi_attribute 23, 3	@ Tag_ABI_FP_number_model
   5              		.eabi_attribute 24, 1	@ Tag_ABI_align8_needed
   6              		.eabi_attribute 25, 1	@ Tag_ABI_align8_preserved
   7              		.eabi_attribute 26, 1	@ Tag_ABI_enum_size
   8              		.eabi_attribute 30, 4	@ Tag_ABI_optimization_goals
   9              		.eabi_attribute 34, 1	@ Tag_CPU_unaligned_access
  10              		.eabi_attribute 18, 4	@ Tag_ABI_PCS_wchar_t
  11              		.file	"nrf_assert.c"
  12              	@ GNU C11 (GNU Tools for ARM Embedded Processors) version 6.2.1 20161205 (release) [ARM/embedded-6-
  13              	@	compiled by GNU C version 5.4.0, GMP version 6.1.0, MPFR version 3.1.4, MPC version 1.0.3, isl ve
  14              	@ GGC heuristics: --param ggc-min-expand=100 --param ggc-min-heapsize=131072
  15              	@ options passed:  -I . -I include/ -I cfg/
  16              	@ -I ../sdk/nRF5_SDK_12.2.0_f012efa/components/toolchain
  17              	@ -I ../sdk/nRF5_SDK_12.2.0_f012efa/components/toolchain/arm
  18              	@ -I ../sdk/nRF5_SDK_12.2.0_f012efa/components/toolchain/gcc
  19              	@ -I ../sdk/nRF5_SDK_12.2.0_f012efa/components/device
  20              	@ -I ../sdk/nRF5_SDK_12.2.0_f012efa/components/toolchain/cmsis/include
  21              	@ -I ../sdk/nRF5_SDK_12.2.0_f012efa/components/libraries/log
  22              	@ -I ../sdk/nRF5_SDK_12.2.0_f012efa/components/libraries/log/src
  23              	@ -I ../sdk/nRF5_SDK_12.2.0_f012efa/components/drivers_nrf/nrf_soc_nosd
  24              	@ -I ../sdk/nRF5_SDK_12.2.0_f012efa/components/drivers_nrf/hal
  25              	@ -I ../sdk/nRF5_SDK_12.2.0_f012efa/components/drivers_nrf/common
  26              	@ -I ../sdk/nRF5_SDK_12.2.0_f012efa/components/libraries/util
  27              	@ -imultilib thumb/v7e-m
  28              	@ -iprefix /Users/lukashann/Documents/Imperial College London/Year 3/Project/fNIRS-Musketeers/nrf52
  29              	@ -isysroot /Users/lukashann/Documents/Imperial College London/Year 3/Project/fNIRS-Musketeers/nrf5
  30              	@ -MD ../sdk/nRF5_SDK_12.2.0_f012efa/components/libraries/util/nrf_assert.d
  31              	@ -MF .depnrf_assert.o.d -MP
  32              	@ -MQ ../sdk/nRF5_SDK_12.2.0_f012efa/components/libraries/util/nrf_assert.o
  33              	@ -D__USES_INITFINI__ -D NRF52
  34              	@ ../sdk/nRF5_SDK_12.2.0_f012efa/components/libraries/util/nrf_assert.c
  35              	@ -mcpu=cortex-m4 -mthumb
  36              	@ -auxbase-strip ../sdk/nRF5_SDK_12.2.0_f012efa/components/libraries/util/nrf_assert.o
  37              	@ -gdwarf-2 -Os -Wall -Wstrict-prototypes -fomit-frame-pointer
  38              	@ -fverbose-asm
  39              	@ options enabled:  -faggressive-loop-optimizations -falign-jumps
  40              	@ -falign-labels -falign-loops -fauto-inc-dec -fbranch-count-reg
  41              	@ -fcaller-saves -fchkp-check-incomplete-type -fchkp-check-read
  42              	@ -fchkp-check-write -fchkp-instrument-calls -fchkp-narrow-bounds
  43              	@ -fchkp-optimize -fchkp-store-bounds -fchkp-use-static-bounds
  44              	@ -fchkp-use-static-const-bounds -fchkp-use-wrappers
  45              	@ -fcombine-stack-adjustments -fcommon -fcompare-elim -fcprop-registers
  46              	@ -fcrossjumping -fcse-follow-jumps -fdefer-pop
  47              	@ -fdelete-null-pointer-checks -fdevirtualize -fdevirtualize-speculatively
  48              	@ -fdwarf2-cfi-asm -fearly-inlining -feliminate-unused-debug-types
  49              	@ -fexpensive-optimizations -fforward-propagate -ffunction-cse -fgcse
  50              	@ -fgcse-lm -fgnu-runtime -fgnu-unique -fguess-branch-probability
  51              	@ -fhoist-adjacent-loads -fident -fif-conversion -fif-conversion2
  52              	@ -findirect-inlining -finline -finline-atomics -finline-functions
  53              	@ -finline-functions-called-once -finline-small-functions -fipa-cp
  54              	@ -fipa-cp-alignment -fipa-icf -fipa-icf-functions -fipa-icf-variables
  55              	@ -fipa-profile -fipa-pure-const -fipa-ra -fipa-reference -fipa-sra
  56              	@ -fira-hoist-pressure -fira-share-save-slots -fira-share-spill-slots
  57              	@ -fisolate-erroneous-paths-dereference -fivopts -fkeep-static-consts
ARM GAS  /var/folders/nl/q97gxh4d5b321tqt4kfb6yzh0000gn/T//ccII5KeG.s 			page 2


  58              	@ -fleading-underscore -flifetime-dse -flra-remat -flto-odr-type-merging
  59              	@ -fmath-errno -fmerge-constants -fmerge-debug-strings
  60              	@ -fmove-loop-invariants -fomit-frame-pointer -foptimize-sibling-calls
  61              	@ -fpartial-inlining -fpeephole -fpeephole2 -fplt -fprefetch-loop-arrays
  62              	@ -freg-struct-return -freorder-blocks -freorder-functions
  63              	@ -frerun-cse-after-loop -fsched-critical-path-heuristic
  64              	@ -fsched-dep-count-heuristic -fsched-group-heuristic -fsched-interblock
  65              	@ -fsched-last-insn-heuristic -fsched-pressure -fsched-rank-heuristic
  66              	@ -fsched-spec -fsched-spec-insn-heuristic -fsched-stalled-insns-dep
  67              	@ -fschedule-insns2 -fsection-anchors -fsemantic-interposition
  68              	@ -fshow-column -fsigned-zeros -fsplit-ivs-in-unroller -fsplit-wide-types
  69              	@ -fssa-backprop -fssa-phiopt -fstdarg-opt -fstrict-aliasing
  70              	@ -fstrict-overflow -fstrict-volatile-bitfields -fsync-libcalls
  71              	@ -fthread-jumps -ftoplevel-reorder -ftrapping-math -ftree-bit-ccp
  72              	@ -ftree-builtin-call-dce -ftree-ccp -ftree-ch -ftree-coalesce-vars
  73              	@ -ftree-copy-prop -ftree-cselim -ftree-dce -ftree-dominator-opts
  74              	@ -ftree-dse -ftree-forwprop -ftree-fre -ftree-loop-if-convert
  75              	@ -ftree-loop-im -ftree-loop-ivcanon -ftree-loop-optimize
  76              	@ -ftree-parallelize-loops= -ftree-phiprop -ftree-pre -ftree-pta
  77              	@ -ftree-reassoc -ftree-scev-cprop -ftree-sink -ftree-slsr -ftree-sra
  78              	@ -ftree-switch-conversion -ftree-tail-merge -ftree-ter -ftree-vrp
  79              	@ -funit-at-a-time -fvar-tracking -fvar-tracking-assignments -fverbose-asm
  80              	@ -fzero-initialized-in-bss -masm-syntax-unified -mlittle-endian
  81              	@ -mpic-data-is-text-relative -msched-prolog -mthumb -munaligned-access
  82              	@ -mvectorize-with-neon-quad
  83              	
  84              		.text
  85              	.Ltext0:
  86              		.cfi_sections	.debug_frame
  87              		.align	1
  88              		.weak	assert_nrf_callback
  89              		.syntax unified
  90              		.thumb
  91              		.thumb_func
  92              		.fpu softvfp
  93              		.type	assert_nrf_callback, %function
  94              	assert_nrf_callback:
  95              	.LFB127:
  96              		.file 1 "../sdk/nRF5_SDK_12.2.0_f012efa/components/libraries/util/nrf_assert.c"
   1:../sdk/nRF5_SDK_12.2.0_f012efa/components/libraries/util/nrf_assert.c **** /* Copyright (c) 2006 Nordic Semiconductor. All Rights Reserved.
   2:../sdk/nRF5_SDK_12.2.0_f012efa/components/libraries/util/nrf_assert.c ****  *
   3:../sdk/nRF5_SDK_12.2.0_f012efa/components/libraries/util/nrf_assert.c ****  * The information contained herein is property of Nordic Semiconductor ASA.
   4:../sdk/nRF5_SDK_12.2.0_f012efa/components/libraries/util/nrf_assert.c ****  * Terms and conditions of usage are described in detail in NORDIC
   5:../sdk/nRF5_SDK_12.2.0_f012efa/components/libraries/util/nrf_assert.c ****  * SEMICONDUCTOR STANDARD SOFTWARE LICENSE AGREEMENT.
   6:../sdk/nRF5_SDK_12.2.0_f012efa/components/libraries/util/nrf_assert.c ****  *
   7:../sdk/nRF5_SDK_12.2.0_f012efa/components/libraries/util/nrf_assert.c ****  * Licensees are granted free, non-transferable use of the information. NO
   8:../sdk/nRF5_SDK_12.2.0_f012efa/components/libraries/util/nrf_assert.c ****  * WARRANTY of ANY KIND is provided. This heading must NOT be removed from
   9:../sdk/nRF5_SDK_12.2.0_f012efa/components/libraries/util/nrf_assert.c ****  * the file.
  10:../sdk/nRF5_SDK_12.2.0_f012efa/components/libraries/util/nrf_assert.c ****  *
  11:../sdk/nRF5_SDK_12.2.0_f012efa/components/libraries/util/nrf_assert.c ****  */
  12:../sdk/nRF5_SDK_12.2.0_f012efa/components/libraries/util/nrf_assert.c **** #include "nrf_assert.h"
  13:../sdk/nRF5_SDK_12.2.0_f012efa/components/libraries/util/nrf_assert.c **** #include "app_error.h"
  14:../sdk/nRF5_SDK_12.2.0_f012efa/components/libraries/util/nrf_assert.c **** #include "nordic_common.h"
  15:../sdk/nRF5_SDK_12.2.0_f012efa/components/libraries/util/nrf_assert.c **** 
  16:../sdk/nRF5_SDK_12.2.0_f012efa/components/libraries/util/nrf_assert.c **** __WEAK void assert_nrf_callback(uint16_t line_num, const uint8_t * file_name)
  17:../sdk/nRF5_SDK_12.2.0_f012efa/components/libraries/util/nrf_assert.c **** {
  97              		.loc 1 17 0
ARM GAS  /var/folders/nl/q97gxh4d5b321tqt4kfb6yzh0000gn/T//ccII5KeG.s 			page 3


  98              		.cfi_startproc
  99              		@ args = 0, pretend = 0, frame = 8
 100              		@ frame_needed = 0, uses_anonymous_args = 0
 101              	.LVL0:
 102 0000 07B5     		push	{r0, r1, r2, lr}	@
 103              	.LCFI0:
 104              		.cfi_def_cfa_offset 16
 105              		.cfi_offset 14, -4
  18:../sdk/nRF5_SDK_12.2.0_f012efa/components/libraries/util/nrf_assert.c ****     assert_info_t assert_info =
 106              		.loc 1 18 0
 107 0002 ADF80000 		strh	r0, [sp]	@ movhi	@ line_num, assert_info.line_num
 108 0006 0191     		str	r1, [sp, #4]	@ file_name, assert_info.p_file_name
  19:../sdk/nRF5_SDK_12.2.0_f012efa/components/libraries/util/nrf_assert.c ****     {
  20:../sdk/nRF5_SDK_12.2.0_f012efa/components/libraries/util/nrf_assert.c ****         .line_num    = line_num,
  21:../sdk/nRF5_SDK_12.2.0_f012efa/components/libraries/util/nrf_assert.c ****         .p_file_name = file_name,
  22:../sdk/nRF5_SDK_12.2.0_f012efa/components/libraries/util/nrf_assert.c ****     };
  23:../sdk/nRF5_SDK_12.2.0_f012efa/components/libraries/util/nrf_assert.c ****     app_error_fault_handler(NRF_FAULT_ID_SDK_ASSERT, 0, (uint32_t)(&assert_info));
 109              		.loc 1 23 0
 110 0008 6A46     		mov	r2, sp	@,
 111 000a 0021     		movs	r1, #0	@,
 112              	.LVL1:
 113 000c 44F20200 		movw	r0, #16386	@,
 114              	.LVL2:
 115 0010 FFF7FEFF 		bl	app_error_fault_handler	@
 116              	.LVL3:
  24:../sdk/nRF5_SDK_12.2.0_f012efa/components/libraries/util/nrf_assert.c **** 
  25:../sdk/nRF5_SDK_12.2.0_f012efa/components/libraries/util/nrf_assert.c ****     UNUSED_VARIABLE(assert_info);
  26:../sdk/nRF5_SDK_12.2.0_f012efa/components/libraries/util/nrf_assert.c **** }
 117              		.loc 1 26 0
 118 0014 03B0     		add	sp, sp, #12	@,,
 119              	.LCFI1:
 120              		.cfi_def_cfa_offset 4
 121              		@ sp needed	@
 122 0016 5DF804FB 		ldr	pc, [sp], #4	@
 123              		.cfi_endproc
 124              	.LFE127:
 125              		.size	assert_nrf_callback, .-assert_nrf_callback
 126              	.Letext0:
 127              		.file 2 "/Users/lukashann/Documents/Imperial College London/Year 3/Project/fNIRS-Musketeers/nrf52/
 128              		.file 3 "/Users/lukashann/Documents/Imperial College London/Year 3/Project/fNIRS-Musketeers/nrf52/
 129              		.file 4 "../sdk/nRF5_SDK_12.2.0_f012efa/components/toolchain/cmsis/include/core_cm4.h"
 130              		.file 5 "../sdk/nRF5_SDK_12.2.0_f012efa/components/toolchain/system_nrf52.h"
 131              		.file 6 "/Users/lukashann/Documents/Imperial College London/Year 3/Project/fNIRS-Musketeers/nrf52/
 132              		.file 7 "/Users/lukashann/Documents/Imperial College London/Year 3/Project/fNIRS-Musketeers/nrf52/
 133              		.file 8 "/Users/lukashann/Documents/Imperial College London/Year 3/Project/fNIRS-Musketeers/nrf52/
 134              		.file 9 "/Users/lukashann/Documents/Imperial College London/Year 3/Project/fNIRS-Musketeers/nrf52/
 135              		.file 10 "../sdk/nRF5_SDK_12.2.0_f012efa/components/libraries/util/app_error.h"
 136              		.file 11 "../sdk/nRF5_SDK_12.2.0_f012efa/components/libraries/util/app_error_weak.h"
 137              		.section	.debug_info,"",%progbits
 138              	.Ldebug_info0:
 139 0000 8F0A0000 		.4byte	0xa8f
 140 0004 0200     		.2byte	0x2
 141 0006 00000000 		.4byte	.Ldebug_abbrev0
 142 000a 04       		.byte	0x4
 143 000b 01       		.uleb128 0x1
 144 000c 3B030000 		.4byte	.LASF134
 145 0010 0C       		.byte	0xc
ARM GAS  /var/folders/nl/q97gxh4d5b321tqt4kfb6yzh0000gn/T//ccII5KeG.s 			page 4


 146 0011 E4010000 		.4byte	.LASF135
 147 0015 DC000000 		.4byte	.LASF136
 148 0019 00000000 		.4byte	.Ltext0
 149 001d 1A000000 		.4byte	.Letext0
 150 0021 00000000 		.4byte	.Ldebug_line0
 151 0025 02       		.uleb128 0x2
 152 0026 01       		.byte	0x1
 153 0027 06       		.byte	0x6
 154 0028 D0000000 		.4byte	.LASF0
 155 002c 03       		.uleb128 0x3
 156 002d 31000000 		.4byte	.LASF3
 157 0031 02       		.byte	0x2
 158 0032 2B       		.byte	0x2b
 159 0033 37000000 		.4byte	0x37
 160 0037 02       		.uleb128 0x2
 161 0038 01       		.byte	0x1
 162 0039 08       		.byte	0x8
 163 003a 33040000 		.4byte	.LASF1
 164 003e 02       		.uleb128 0x2
 165 003f 02       		.byte	0x2
 166 0040 05       		.byte	0x5
 167 0041 0C000000 		.4byte	.LASF2
 168 0045 03       		.uleb128 0x3
 169 0046 48050000 		.4byte	.LASF4
 170 004a 02       		.byte	0x2
 171 004b 39       		.byte	0x39
 172 004c 50000000 		.4byte	0x50
 173 0050 02       		.uleb128 0x2
 174 0051 02       		.byte	0x2
 175 0052 07       		.byte	0x7
 176 0053 A5050000 		.4byte	.LASF5
 177 0057 03       		.uleb128 0x3
 178 0058 67050000 		.4byte	.LASF6
 179 005c 02       		.byte	0x2
 180 005d 4D       		.byte	0x4d
 181 005e 62000000 		.4byte	0x62
 182 0062 02       		.uleb128 0x2
 183 0063 04       		.byte	0x4
 184 0064 05       		.byte	0x5
 185 0065 75010000 		.4byte	.LASF7
 186 0069 03       		.uleb128 0x3
 187 006a 2F020000 		.4byte	.LASF8
 188 006e 02       		.byte	0x2
 189 006f 4F       		.byte	0x4f
 190 0070 74000000 		.4byte	0x74
 191 0074 02       		.uleb128 0x2
 192 0075 04       		.byte	0x4
 193 0076 07       		.byte	0x7
 194 0077 98020000 		.4byte	.LASF9
 195 007b 02       		.uleb128 0x2
 196 007c 08       		.byte	0x8
 197 007d 05       		.byte	0x5
 198 007e 9E010000 		.4byte	.LASF10
 199 0082 02       		.uleb128 0x2
 200 0083 08       		.byte	0x8
 201 0084 07       		.byte	0x7
 202 0085 64000000 		.4byte	.LASF11
ARM GAS  /var/folders/nl/q97gxh4d5b321tqt4kfb6yzh0000gn/T//ccII5KeG.s 			page 5


 203 0089 04       		.uleb128 0x4
 204 008a 04       		.byte	0x4
 205 008b 05       		.byte	0x5
 206 008c 696E7400 		.ascii	"int\000"
 207 0090 02       		.uleb128 0x2
 208 0091 04       		.byte	0x4
 209 0092 07       		.byte	0x7
 210 0093 3B050000 		.4byte	.LASF12
 211 0097 03       		.uleb128 0x3
 212 0098 06060000 		.4byte	.LASF13
 213 009c 03       		.byte	0x3
 214 009d 18       		.byte	0x18
 215 009e 2C000000 		.4byte	0x2c
 216 00a2 05       		.uleb128 0x5
 217 00a3 97000000 		.4byte	0x97
 218 00a7 03       		.uleb128 0x3
 219 00a8 AC010000 		.4byte	.LASF14
 220 00ac 03       		.byte	0x3
 221 00ad 24       		.byte	0x24
 222 00ae 45000000 		.4byte	0x45
 223 00b2 03       		.uleb128 0x3
 224 00b3 2B040000 		.4byte	.LASF15
 225 00b7 03       		.byte	0x3
 226 00b8 2C       		.byte	0x2c
 227 00b9 57000000 		.4byte	0x57
 228 00bd 06       		.uleb128 0x6
 229 00be B2000000 		.4byte	0xb2
 230 00c2 03       		.uleb128 0x3
 231 00c3 E5050000 		.4byte	.LASF16
 232 00c7 03       		.byte	0x3
 233 00c8 30       		.byte	0x30
 234 00c9 69000000 		.4byte	0x69
 235 00cd 02       		.uleb128 0x2
 236 00ce 04       		.byte	0x4
 237 00cf 07       		.byte	0x7
 238 00d0 32030000 		.4byte	.LASF17
 239 00d4 07       		.uleb128 0x7
 240 00d5 8F000000 		.4byte	.LASF18
 241 00d9 04       		.byte	0x4
 242 00da 4407     		.2byte	0x744
 243 00dc BD000000 		.4byte	0xbd
 244 00e0 01       		.byte	0x1
 245 00e1 01       		.byte	0x1
 246 00e2 08       		.uleb128 0x8
 247 00e3 78020000 		.4byte	.LASF19
 248 00e7 05       		.byte	0x5
 249 00e8 29       		.byte	0x29
 250 00e9 C2000000 		.4byte	0xc2
 251 00ed 01       		.byte	0x1
 252 00ee 01       		.byte	0x1
 253 00ef 02       		.uleb128 0x2
 254 00f0 08       		.byte	0x8
 255 00f1 04       		.byte	0x4
 256 00f2 14050000 		.4byte	.LASF20
 257 00f6 09       		.uleb128 0x9
 258 00f7 04       		.byte	0x4
 259 00f8 03       		.uleb128 0x3
ARM GAS  /var/folders/nl/q97gxh4d5b321tqt4kfb6yzh0000gn/T//ccII5KeG.s 			page 6


 260 00f9 10040000 		.4byte	.LASF21
 261 00fd 06       		.byte	0x6
 262 00fe 07       		.byte	0x7
 263 00ff 89000000 		.4byte	0x89
 264 0103 03       		.uleb128 0x3
 265 0104 C2000000 		.4byte	.LASF22
 266 0108 07       		.byte	0x7
 267 0109 2C       		.byte	0x2c
 268 010a 62000000 		.4byte	0x62
 269 010e 03       		.uleb128 0x3
 270 010f 0C050000 		.4byte	.LASF23
 271 0113 07       		.byte	0x7
 272 0114 72       		.byte	0x72
 273 0115 62000000 		.4byte	0x62
 274 0119 0A       		.uleb128 0xa
 275 011a FF030000 		.4byte	.LASF24
 276 011e 08       		.byte	0x8
 277 011f 6501     		.2byte	0x165
 278 0121 90000000 		.4byte	0x90
 279 0125 0B       		.uleb128 0xb
 280 0126 04       		.byte	0x4
 281 0127 07       		.byte	0x7
 282 0128 A6       		.byte	0xa6
 283 0129 44010000 		.4byte	0x144
 284 012d 0C       		.uleb128 0xc
 285 012e F5020000 		.4byte	.LASF25
 286 0132 07       		.byte	0x7
 287 0133 A8       		.byte	0xa8
 288 0134 19010000 		.4byte	0x119
 289 0138 0C       		.uleb128 0xc
 290 0139 71020000 		.4byte	.LASF26
 291 013d 07       		.byte	0x7
 292 013e A9       		.byte	0xa9
 293 013f 44010000 		.4byte	0x144
 294 0143 00       		.byte	0
 295 0144 0D       		.uleb128 0xd
 296 0145 37000000 		.4byte	0x37
 297 0149 54010000 		.4byte	0x154
 298 014d 0E       		.uleb128 0xe
 299 014e CD000000 		.4byte	0xcd
 300 0152 03       		.byte	0x3
 301 0153 00       		.byte	0
 302 0154 0F       		.uleb128 0xf
 303 0155 08       		.byte	0x8
 304 0156 07       		.byte	0x7
 305 0157 A3       		.byte	0xa3
 306 0158 79010000 		.4byte	0x179
 307 015c 10       		.uleb128 0x10
 308 015d EC040000 		.4byte	.LASF27
 309 0161 07       		.byte	0x7
 310 0162 A5       		.byte	0xa5
 311 0163 89000000 		.4byte	0x89
 312 0167 02       		.byte	0x2
 313 0168 23       		.byte	0x23
 314 0169 00       		.uleb128 0
 315 016a 10       		.uleb128 0x10
 316 016b F4040000 		.4byte	.LASF28
ARM GAS  /var/folders/nl/q97gxh4d5b321tqt4kfb6yzh0000gn/T//ccII5KeG.s 			page 7


 317 016f 07       		.byte	0x7
 318 0170 AA       		.byte	0xaa
 319 0171 25010000 		.4byte	0x125
 320 0175 02       		.byte	0x2
 321 0176 23       		.byte	0x23
 322 0177 04       		.uleb128 0x4
 323 0178 00       		.byte	0
 324 0179 03       		.uleb128 0x3
 325 017a 79040000 		.4byte	.LASF29
 326 017e 07       		.byte	0x7
 327 017f AB       		.byte	0xab
 328 0180 54010000 		.4byte	0x154
 329 0184 03       		.uleb128 0x3
 330 0185 50040000 		.4byte	.LASF30
 331 0189 07       		.byte	0x7
 332 018a AF       		.byte	0xaf
 333 018b F8000000 		.4byte	0xf8
 334 018f 03       		.uleb128 0x3
 335 0190 BD050000 		.4byte	.LASF31
 336 0194 09       		.byte	0x9
 337 0195 16       		.byte	0x16
 338 0196 74000000 		.4byte	0x74
 339 019a 11       		.uleb128 0x11
 340 019b 5E020000 		.4byte	.LASF36
 341 019f 18       		.byte	0x18
 342 01a0 09       		.byte	0x9
 343 01a1 2F       		.byte	0x2f
 344 01a2 F9010000 		.4byte	0x1f9
 345 01a6 10       		.uleb128 0x10
 346 01a7 89050000 		.4byte	.LASF32
 347 01ab 09       		.byte	0x9
 348 01ac 31       		.byte	0x31
 349 01ad F9010000 		.4byte	0x1f9
 350 01b1 02       		.byte	0x2
 351 01b2 23       		.byte	0x23
 352 01b3 00       		.uleb128 0
 353 01b4 12       		.uleb128 0x12
 354 01b5 5F6B00   		.ascii	"_k\000"
 355 01b8 09       		.byte	0x9
 356 01b9 32       		.byte	0x32
 357 01ba 89000000 		.4byte	0x89
 358 01be 02       		.byte	0x2
 359 01bf 23       		.byte	0x23
 360 01c0 04       		.uleb128 0x4
 361 01c1 10       		.uleb128 0x10
 362 01c2 D7040000 		.4byte	.LASF33
 363 01c6 09       		.byte	0x9
 364 01c7 32       		.byte	0x32
 365 01c8 89000000 		.4byte	0x89
 366 01cc 02       		.byte	0x2
 367 01cd 23       		.byte	0x23
 368 01ce 08       		.uleb128 0x8
 369 01cf 10       		.uleb128 0x10
 370 01d0 44020000 		.4byte	.LASF34
 371 01d4 09       		.byte	0x9
 372 01d5 32       		.byte	0x32
 373 01d6 89000000 		.4byte	0x89
ARM GAS  /var/folders/nl/q97gxh4d5b321tqt4kfb6yzh0000gn/T//ccII5KeG.s 			page 8


 374 01da 02       		.byte	0x2
 375 01db 23       		.byte	0x23
 376 01dc 0C       		.uleb128 0xc
 377 01dd 10       		.uleb128 0x10
 378 01de FB050000 		.4byte	.LASF35
 379 01e2 09       		.byte	0x9
 380 01e3 32       		.byte	0x32
 381 01e4 89000000 		.4byte	0x89
 382 01e8 02       		.byte	0x2
 383 01e9 23       		.byte	0x23
 384 01ea 10       		.uleb128 0x10
 385 01eb 12       		.uleb128 0x12
 386 01ec 5F7800   		.ascii	"_x\000"
 387 01ef 09       		.byte	0x9
 388 01f0 33       		.byte	0x33
 389 01f1 FF010000 		.4byte	0x1ff
 390 01f5 02       		.byte	0x2
 391 01f6 23       		.byte	0x23
 392 01f7 14       		.uleb128 0x14
 393 01f8 00       		.byte	0
 394 01f9 13       		.uleb128 0x13
 395 01fa 04       		.byte	0x4
 396 01fb 9A010000 		.4byte	0x19a
 397 01ff 0D       		.uleb128 0xd
 398 0200 8F010000 		.4byte	0x18f
 399 0204 0F020000 		.4byte	0x20f
 400 0208 0E       		.uleb128 0xe
 401 0209 CD000000 		.4byte	0xcd
 402 020d 00       		.byte	0
 403 020e 00       		.byte	0
 404 020f 11       		.uleb128 0x11
 405 0210 6C020000 		.4byte	.LASF37
 406 0214 24       		.byte	0x24
 407 0215 09       		.byte	0x9
 408 0216 37       		.byte	0x37
 409 0217 9A020000 		.4byte	0x29a
 410 021b 10       		.uleb128 0x10
 411 021c B9000000 		.4byte	.LASF38
 412 0220 09       		.byte	0x9
 413 0221 39       		.byte	0x39
 414 0222 89000000 		.4byte	0x89
 415 0226 02       		.byte	0x2
 416 0227 23       		.byte	0x23
 417 0228 00       		.uleb128 0
 418 0229 10       		.uleb128 0x10
 419 022a 4A060000 		.4byte	.LASF39
 420 022e 09       		.byte	0x9
 421 022f 3A       		.byte	0x3a
 422 0230 89000000 		.4byte	0x89
 423 0234 02       		.byte	0x2
 424 0235 23       		.byte	0x23
 425 0236 04       		.uleb128 0x4
 426 0237 10       		.uleb128 0x10
 427 0238 48010000 		.4byte	.LASF40
 428 023c 09       		.byte	0x9
 429 023d 3B       		.byte	0x3b
 430 023e 89000000 		.4byte	0x89
ARM GAS  /var/folders/nl/q97gxh4d5b321tqt4kfb6yzh0000gn/T//ccII5KeG.s 			page 9


 431 0242 02       		.byte	0x2
 432 0243 23       		.byte	0x23
 433 0244 08       		.uleb128 0x8
 434 0245 10       		.uleb128 0x10
 435 0246 6B060000 		.4byte	.LASF41
 436 024a 09       		.byte	0x9
 437 024b 3C       		.byte	0x3c
 438 024c 89000000 		.4byte	0x89
 439 0250 02       		.byte	0x2
 440 0251 23       		.byte	0x23
 441 0252 0C       		.uleb128 0xc
 442 0253 10       		.uleb128 0x10
 443 0254 D4030000 		.4byte	.LASF42
 444 0258 09       		.byte	0x9
 445 0259 3D       		.byte	0x3d
 446 025a 89000000 		.4byte	0x89
 447 025e 02       		.byte	0x2
 448 025f 23       		.byte	0x23
 449 0260 10       		.uleb128 0x10
 450 0261 10       		.uleb128 0x10
 451 0262 13030000 		.4byte	.LASF43
 452 0266 09       		.byte	0x9
 453 0267 3E       		.byte	0x3e
 454 0268 89000000 		.4byte	0x89
 455 026c 02       		.byte	0x2
 456 026d 23       		.byte	0x23
 457 026e 14       		.uleb128 0x14
 458 026f 10       		.uleb128 0x10
 459 0270 02050000 		.4byte	.LASF44
 460 0274 09       		.byte	0x9
 461 0275 3F       		.byte	0x3f
 462 0276 89000000 		.4byte	0x89
 463 027a 02       		.byte	0x2
 464 027b 23       		.byte	0x23
 465 027c 18       		.uleb128 0x18
 466 027d 10       		.uleb128 0x10
 467 027e 59040000 		.4byte	.LASF45
 468 0282 09       		.byte	0x9
 469 0283 40       		.byte	0x40
 470 0284 89000000 		.4byte	0x89
 471 0288 02       		.byte	0x2
 472 0289 23       		.byte	0x23
 473 028a 1C       		.uleb128 0x1c
 474 028b 10       		.uleb128 0x10
 475 028c 30060000 		.4byte	.LASF46
 476 0290 09       		.byte	0x9
 477 0291 41       		.byte	0x41
 478 0292 89000000 		.4byte	0x89
 479 0296 02       		.byte	0x2
 480 0297 23       		.byte	0x23
 481 0298 20       		.uleb128 0x20
 482 0299 00       		.byte	0
 483 029a 14       		.uleb128 0x14
 484 029b 57010000 		.4byte	.LASF47
 485 029f 0801     		.2byte	0x108
 486 02a1 09       		.byte	0x9
 487 02a2 4A       		.byte	0x4a
ARM GAS  /var/folders/nl/q97gxh4d5b321tqt4kfb6yzh0000gn/T//ccII5KeG.s 			page 10


 488 02a3 E3020000 		.4byte	0x2e3
 489 02a7 10       		.uleb128 0x10
 490 02a8 16000000 		.4byte	.LASF48
 491 02ac 09       		.byte	0x9
 492 02ad 4B       		.byte	0x4b
 493 02ae E3020000 		.4byte	0x2e3
 494 02b2 02       		.byte	0x2
 495 02b3 23       		.byte	0x23
 496 02b4 00       		.uleb128 0
 497 02b5 10       		.uleb128 0x10
 498 02b6 00000000 		.4byte	.LASF49
 499 02ba 09       		.byte	0x9
 500 02bb 4C       		.byte	0x4c
 501 02bc E3020000 		.4byte	0x2e3
 502 02c0 03       		.byte	0x3
 503 02c1 23       		.byte	0x23
 504 02c2 8001     		.uleb128 0x80
 505 02c4 10       		.uleb128 0x10
 506 02c5 9C050000 		.4byte	.LASF50
 507 02c9 09       		.byte	0x9
 508 02ca 4E       		.byte	0x4e
 509 02cb 8F010000 		.4byte	0x18f
 510 02cf 03       		.byte	0x3
 511 02d0 23       		.byte	0x23
 512 02d1 8002     		.uleb128 0x100
 513 02d3 10       		.uleb128 0x10
 514 02d4 85010000 		.4byte	.LASF51
 515 02d8 09       		.byte	0x9
 516 02d9 51       		.byte	0x51
 517 02da 8F010000 		.4byte	0x18f
 518 02de 03       		.byte	0x3
 519 02df 23       		.byte	0x23
 520 02e0 8402     		.uleb128 0x104
 521 02e2 00       		.byte	0
 522 02e3 0D       		.uleb128 0xd
 523 02e4 F6000000 		.4byte	0xf6
 524 02e8 F3020000 		.4byte	0x2f3
 525 02ec 0E       		.uleb128 0xe
 526 02ed CD000000 		.4byte	0xcd
 527 02f1 1F       		.byte	0x1f
 528 02f2 00       		.byte	0
 529 02f3 14       		.uleb128 0x14
 530 02f4 DD030000 		.4byte	.LASF52
 531 02f8 9001     		.2byte	0x190
 532 02fa 09       		.byte	0x9
 533 02fb 5D       		.byte	0x5d
 534 02fc 3A030000 		.4byte	0x33a
 535 0300 10       		.uleb128 0x10
 536 0301 89050000 		.4byte	.LASF32
 537 0305 09       		.byte	0x9
 538 0306 5E       		.byte	0x5e
 539 0307 3A030000 		.4byte	0x33a
 540 030b 02       		.byte	0x2
 541 030c 23       		.byte	0x23
 542 030d 00       		.uleb128 0
 543 030e 10       		.uleb128 0x10
 544 030f A7040000 		.4byte	.LASF53
ARM GAS  /var/folders/nl/q97gxh4d5b321tqt4kfb6yzh0000gn/T//ccII5KeG.s 			page 11


 545 0313 09       		.byte	0x9
 546 0314 5F       		.byte	0x5f
 547 0315 89000000 		.4byte	0x89
 548 0319 02       		.byte	0x2
 549 031a 23       		.byte	0x23
 550 031b 04       		.uleb128 0x4
 551 031c 10       		.uleb128 0x10
 552 031d 2A020000 		.4byte	.LASF54
 553 0321 09       		.byte	0x9
 554 0322 61       		.byte	0x61
 555 0323 40030000 		.4byte	0x340
 556 0327 02       		.byte	0x2
 557 0328 23       		.byte	0x23
 558 0329 08       		.uleb128 0x8
 559 032a 10       		.uleb128 0x10
 560 032b 57010000 		.4byte	.LASF47
 561 032f 09       		.byte	0x9
 562 0330 62       		.byte	0x62
 563 0331 9A020000 		.4byte	0x29a
 564 0335 03       		.byte	0x3
 565 0336 23       		.byte	0x23
 566 0337 8801     		.uleb128 0x88
 567 0339 00       		.byte	0
 568 033a 13       		.uleb128 0x13
 569 033b 04       		.byte	0x4
 570 033c F3020000 		.4byte	0x2f3
 571 0340 0D       		.uleb128 0xd
 572 0341 50030000 		.4byte	0x350
 573 0345 50030000 		.4byte	0x350
 574 0349 0E       		.uleb128 0xe
 575 034a CD000000 		.4byte	0xcd
 576 034e 1F       		.byte	0x1f
 577 034f 00       		.byte	0
 578 0350 13       		.uleb128 0x13
 579 0351 04       		.byte	0x4
 580 0352 56030000 		.4byte	0x356
 581 0356 15       		.uleb128 0x15
 582 0357 01       		.byte	0x1
 583 0358 11       		.uleb128 0x11
 584 0359 63040000 		.4byte	.LASF55
 585 035d 08       		.byte	0x8
 586 035e 09       		.byte	0x9
 587 035f 75       		.byte	0x75
 588 0360 81030000 		.4byte	0x381
 589 0364 10       		.uleb128 0x10
 590 0365 42010000 		.4byte	.LASF56
 591 0369 09       		.byte	0x9
 592 036a 76       		.byte	0x76
 593 036b 81030000 		.4byte	0x381
 594 036f 02       		.byte	0x2
 595 0370 23       		.byte	0x23
 596 0371 00       		.uleb128 0
 597 0372 10       		.uleb128 0x10
 598 0373 35050000 		.4byte	.LASF57
 599 0377 09       		.byte	0x9
 600 0378 77       		.byte	0x77
 601 0379 89000000 		.4byte	0x89
ARM GAS  /var/folders/nl/q97gxh4d5b321tqt4kfb6yzh0000gn/T//ccII5KeG.s 			page 12


 602 037d 02       		.byte	0x2
 603 037e 23       		.byte	0x23
 604 037f 04       		.uleb128 0x4
 605 0380 00       		.byte	0
 606 0381 13       		.uleb128 0x13
 607 0382 04       		.byte	0x4
 608 0383 37000000 		.4byte	0x37
 609 0387 11       		.uleb128 0x11
 610 0388 84040000 		.4byte	.LASF58
 611 038c 68       		.byte	0x68
 612 038d 09       		.byte	0x9
 613 038e B5       		.byte	0xb5
 614 038f E1040000 		.4byte	0x4e1
 615 0393 12       		.uleb128 0x12
 616 0394 5F7000   		.ascii	"_p\000"
 617 0397 09       		.byte	0x9
 618 0398 B6       		.byte	0xb6
 619 0399 81030000 		.4byte	0x381
 620 039d 02       		.byte	0x2
 621 039e 23       		.byte	0x23
 622 039f 00       		.uleb128 0
 623 03a0 12       		.uleb128 0x12
 624 03a1 5F7200   		.ascii	"_r\000"
 625 03a4 09       		.byte	0x9
 626 03a5 B7       		.byte	0xb7
 627 03a6 89000000 		.4byte	0x89
 628 03aa 02       		.byte	0x2
 629 03ab 23       		.byte	0x23
 630 03ac 04       		.uleb128 0x4
 631 03ad 12       		.uleb128 0x12
 632 03ae 5F7700   		.ascii	"_w\000"
 633 03b1 09       		.byte	0x9
 634 03b2 B8       		.byte	0xb8
 635 03b3 89000000 		.4byte	0x89
 636 03b7 02       		.byte	0x2
 637 03b8 23       		.byte	0x23
 638 03b9 08       		.uleb128 0x8
 639 03ba 10       		.uleb128 0x10
 640 03bb 7E010000 		.4byte	.LASF59
 641 03bf 09       		.byte	0x9
 642 03c0 B9       		.byte	0xb9
 643 03c1 3E000000 		.4byte	0x3e
 644 03c5 02       		.byte	0x2
 645 03c6 23       		.byte	0x23
 646 03c7 0C       		.uleb128 0xc
 647 03c8 10       		.uleb128 0x10
 648 03c9 AA020000 		.4byte	.LASF60
 649 03cd 09       		.byte	0x9
 650 03ce BA       		.byte	0xba
 651 03cf 3E000000 		.4byte	0x3e
 652 03d3 02       		.byte	0x2
 653 03d4 23       		.byte	0x23
 654 03d5 0E       		.uleb128 0xe
 655 03d6 12       		.uleb128 0x12
 656 03d7 5F626600 		.ascii	"_bf\000"
 657 03db 09       		.byte	0x9
 658 03dc BB       		.byte	0xbb
ARM GAS  /var/folders/nl/q97gxh4d5b321tqt4kfb6yzh0000gn/T//ccII5KeG.s 			page 13


 659 03dd 58030000 		.4byte	0x358
 660 03e1 02       		.byte	0x2
 661 03e2 23       		.byte	0x23
 662 03e3 10       		.uleb128 0x10
 663 03e4 10       		.uleb128 0x10
 664 03e5 7B000000 		.4byte	.LASF61
 665 03e9 09       		.byte	0x9
 666 03ea BC       		.byte	0xbc
 667 03eb 89000000 		.4byte	0x89
 668 03ef 02       		.byte	0x2
 669 03f0 23       		.byte	0x23
 670 03f1 18       		.uleb128 0x18
 671 03f2 10       		.uleb128 0x10
 672 03f3 65010000 		.4byte	.LASF62
 673 03f7 09       		.byte	0x9
 674 03f8 C3       		.byte	0xc3
 675 03f9 F6000000 		.4byte	0xf6
 676 03fd 02       		.byte	0x2
 677 03fe 23       		.byte	0x23
 678 03ff 1C       		.uleb128 0x1c
 679 0400 10       		.uleb128 0x10
 680 0401 66020000 		.4byte	.LASF63
 681 0405 09       		.byte	0x9
 682 0406 C5       		.byte	0xc5
 683 0407 7B060000 		.4byte	0x67b
 684 040b 02       		.byte	0x2
 685 040c 23       		.byte	0x23
 686 040d 20       		.uleb128 0x20
 687 040e 10       		.uleb128 0x10
 688 040f 0C030000 		.4byte	.LASF64
 689 0413 09       		.byte	0x9
 690 0414 C7       		.byte	0xc7
 691 0415 A6060000 		.4byte	0x6a6
 692 0419 02       		.byte	0x2
 693 041a 23       		.byte	0x23
 694 041b 24       		.uleb128 0x24
 695 041c 10       		.uleb128 0x10
 696 041d FC040000 		.4byte	.LASF65
 697 0421 09       		.byte	0x9
 698 0422 CA       		.byte	0xca
 699 0423 CB060000 		.4byte	0x6cb
 700 0427 02       		.byte	0x2
 701 0428 23       		.byte	0x23
 702 0429 28       		.uleb128 0x28
 703 042a 10       		.uleb128 0x10
 704 042b C9000000 		.4byte	.LASF66
 705 042f 09       		.byte	0x9
 706 0430 CB       		.byte	0xcb
 707 0431 E6060000 		.4byte	0x6e6
 708 0435 02       		.byte	0x2
 709 0436 23       		.byte	0x23
 710 0437 2C       		.uleb128 0x2c
 711 0438 12       		.uleb128 0x12
 712 0439 5F756200 		.ascii	"_ub\000"
 713 043d 09       		.byte	0x9
 714 043e CE       		.byte	0xce
 715 043f 58030000 		.4byte	0x358
ARM GAS  /var/folders/nl/q97gxh4d5b321tqt4kfb6yzh0000gn/T//ccII5KeG.s 			page 14


 716 0443 02       		.byte	0x2
 717 0444 23       		.byte	0x23
 718 0445 30       		.uleb128 0x30
 719 0446 12       		.uleb128 0x12
 720 0447 5F757000 		.ascii	"_up\000"
 721 044b 09       		.byte	0x9
 722 044c CF       		.byte	0xcf
 723 044d 81030000 		.4byte	0x381
 724 0451 02       		.byte	0x2
 725 0452 23       		.byte	0x23
 726 0453 38       		.uleb128 0x38
 727 0454 12       		.uleb128 0x12
 728 0455 5F757200 		.ascii	"_ur\000"
 729 0459 09       		.byte	0x9
 730 045a D0       		.byte	0xd0
 731 045b 89000000 		.4byte	0x89
 732 045f 02       		.byte	0x2
 733 0460 23       		.byte	0x23
 734 0461 3C       		.uleb128 0x3c
 735 0462 10       		.uleb128 0x10
 736 0463 3C010000 		.4byte	.LASF67
 737 0467 09       		.byte	0x9
 738 0468 D3       		.byte	0xd3
 739 0469 EC060000 		.4byte	0x6ec
 740 046d 02       		.byte	0x2
 741 046e 23       		.byte	0x23
 742 046f 40       		.uleb128 0x40
 743 0470 10       		.uleb128 0x10
 744 0471 22060000 		.4byte	.LASF68
 745 0475 09       		.byte	0x9
 746 0476 D4       		.byte	0xd4
 747 0477 FC060000 		.4byte	0x6fc
 748 047b 02       		.byte	0x2
 749 047c 23       		.byte	0x23
 750 047d 43       		.uleb128 0x43
 751 047e 12       		.uleb128 0x12
 752 047f 5F6C6200 		.ascii	"_lb\000"
 753 0483 09       		.byte	0x9
 754 0484 D7       		.byte	0xd7
 755 0485 58030000 		.4byte	0x358
 756 0489 02       		.byte	0x2
 757 048a 23       		.byte	0x23
 758 048b 44       		.uleb128 0x44
 759 048c 10       		.uleb128 0x10
 760 048d 2C050000 		.4byte	.LASF69
 761 0491 09       		.byte	0x9
 762 0492 DA       		.byte	0xda
 763 0493 89000000 		.4byte	0x89
 764 0497 02       		.byte	0x2
 765 0498 23       		.byte	0x23
 766 0499 4C       		.uleb128 0x4c
 767 049a 10       		.uleb128 0x10
 768 049b BD010000 		.4byte	.LASF70
 769 049f 09       		.byte	0x9
 770 04a0 DB       		.byte	0xdb
 771 04a1 03010000 		.4byte	0x103
 772 04a5 02       		.byte	0x2
ARM GAS  /var/folders/nl/q97gxh4d5b321tqt4kfb6yzh0000gn/T//ccII5KeG.s 			page 15


 773 04a6 23       		.byte	0x23
 774 04a7 50       		.uleb128 0x50
 775 04a8 10       		.uleb128 0x10
 776 04a9 BC020000 		.4byte	.LASF71
 777 04ad 09       		.byte	0x9
 778 04ae DE       		.byte	0xde
 779 04af 00050000 		.4byte	0x500
 780 04b3 02       		.byte	0x2
 781 04b4 23       		.byte	0x23
 782 04b5 54       		.uleb128 0x54
 783 04b6 10       		.uleb128 0x10
 784 04b7 00030000 		.4byte	.LASF72
 785 04bb 09       		.byte	0x9
 786 04bc E2       		.byte	0xe2
 787 04bd 84010000 		.4byte	0x184
 788 04c1 02       		.byte	0x2
 789 04c2 23       		.byte	0x23
 790 04c3 58       		.uleb128 0x58
 791 04c4 10       		.uleb128 0x10
 792 04c5 8C040000 		.4byte	.LASF73
 793 04c9 09       		.byte	0x9
 794 04ca E4       		.byte	0xe4
 795 04cb 79010000 		.4byte	0x179
 796 04cf 02       		.byte	0x2
 797 04d0 23       		.byte	0x23
 798 04d1 5C       		.uleb128 0x5c
 799 04d2 10       		.uleb128 0x10
 800 04d3 6A040000 		.4byte	.LASF74
 801 04d7 09       		.byte	0x9
 802 04d8 E5       		.byte	0xe5
 803 04d9 89000000 		.4byte	0x89
 804 04dd 02       		.byte	0x2
 805 04de 23       		.byte	0x23
 806 04df 64       		.uleb128 0x64
 807 04e0 00       		.byte	0
 808 04e1 16       		.uleb128 0x16
 809 04e2 01       		.byte	0x1
 810 04e3 89000000 		.4byte	0x89
 811 04e7 00050000 		.4byte	0x500
 812 04eb 17       		.uleb128 0x17
 813 04ec 00050000 		.4byte	0x500
 814 04f0 17       		.uleb128 0x17
 815 04f1 F6000000 		.4byte	0xf6
 816 04f5 17       		.uleb128 0x17
 817 04f6 69060000 		.4byte	0x669
 818 04fa 17       		.uleb128 0x17
 819 04fb 89000000 		.4byte	0x89
 820 04ff 00       		.byte	0
 821 0500 13       		.uleb128 0x13
 822 0501 04       		.byte	0x4
 823 0502 0B050000 		.4byte	0x50b
 824 0506 05       		.uleb128 0x5
 825 0507 00050000 		.4byte	0x500
 826 050b 18       		.uleb128 0x18
 827 050c DF040000 		.4byte	.LASF75
 828 0510 2804     		.2byte	0x428
 829 0512 09       		.byte	0x9
ARM GAS  /var/folders/nl/q97gxh4d5b321tqt4kfb6yzh0000gn/T//ccII5KeG.s 			page 16


 830 0513 3902     		.2byte	0x239
 831 0515 69060000 		.4byte	0x669
 832 0519 19       		.uleb128 0x19
 833 051a 20050000 		.4byte	.LASF76
 834 051e 09       		.byte	0x9
 835 051f 3B02     		.2byte	0x23b
 836 0521 89000000 		.4byte	0x89
 837 0525 02       		.byte	0x2
 838 0526 23       		.byte	0x23
 839 0527 00       		.uleb128 0
 840 0528 19       		.uleb128 0x19
 841 0529 8D010000 		.4byte	.LASF77
 842 052d 09       		.byte	0x9
 843 052e 4002     		.2byte	0x240
 844 0530 59070000 		.4byte	0x759
 845 0534 02       		.byte	0x2
 846 0535 23       		.byte	0x23
 847 0536 04       		.uleb128 0x4
 848 0537 19       		.uleb128 0x19
 849 0538 88020000 		.4byte	.LASF78
 850 053c 09       		.byte	0x9
 851 053d 4002     		.2byte	0x240
 852 053f 59070000 		.4byte	0x759
 853 0543 02       		.byte	0x2
 854 0544 23       		.byte	0x23
 855 0545 08       		.uleb128 0x8
 856 0546 19       		.uleb128 0x19
 857 0547 56020000 		.4byte	.LASF79
 858 054b 09       		.byte	0x9
 859 054c 4002     		.2byte	0x240
 860 054e 59070000 		.4byte	0x759
 861 0552 02       		.byte	0x2
 862 0553 23       		.byte	0x23
 863 0554 0C       		.uleb128 0xc
 864 0555 19       		.uleb128 0x19
 865 0556 A2040000 		.4byte	.LASF80
 866 055a 09       		.byte	0x9
 867 055b 4202     		.2byte	0x242
 868 055d 89000000 		.4byte	0x89
 869 0561 02       		.byte	0x2
 870 0562 23       		.byte	0x23
 871 0563 10       		.uleb128 0x10
 872 0564 19       		.uleb128 0x19
 873 0565 26000000 		.4byte	.LASF81
 874 0569 09       		.byte	0x9
 875 056a 4302     		.2byte	0x243
 876 056c 74090000 		.4byte	0x974
 877 0570 02       		.byte	0x2
 878 0571 23       		.byte	0x23
 879 0572 14       		.uleb128 0x14
 880 0573 19       		.uleb128 0x19
 881 0574 BE040000 		.4byte	.LASF82
 882 0578 09       		.byte	0x9
 883 0579 4602     		.2byte	0x246
 884 057b 89000000 		.4byte	0x89
 885 057f 02       		.byte	0x2
 886 0580 23       		.byte	0x23
ARM GAS  /var/folders/nl/q97gxh4d5b321tqt4kfb6yzh0000gn/T//ccII5KeG.s 			page 17


 887 0581 30       		.uleb128 0x30
 888 0582 19       		.uleb128 0x19
 889 0583 AC040000 		.4byte	.LASF83
 890 0587 09       		.byte	0x9
 891 0588 4702     		.2byte	0x247
 892 058a 8A090000 		.4byte	0x98a
 893 058e 02       		.byte	0x2
 894 058f 23       		.byte	0x23
 895 0590 34       		.uleb128 0x34
 896 0591 19       		.uleb128 0x19
 897 0592 E5030000 		.4byte	.LASF84
 898 0596 09       		.byte	0x9
 899 0597 4902     		.2byte	0x249
 900 0599 89000000 		.4byte	0x89
 901 059d 02       		.byte	0x2
 902 059e 23       		.byte	0x23
 903 059f 38       		.uleb128 0x38
 904 05a0 19       		.uleb128 0x19
 905 05a1 B4040000 		.4byte	.LASF85
 906 05a5 09       		.byte	0x9
 907 05a6 4B02     		.2byte	0x24b
 908 05a8 9C090000 		.4byte	0x99c
 909 05ac 02       		.byte	0x2
 910 05ad 23       		.byte	0x23
 911 05ae 3C       		.uleb128 0x3c
 912 05af 19       		.uleb128 0x19
 913 05b0 ED020000 		.4byte	.LASF86
 914 05b4 09       		.byte	0x9
 915 05b5 4E02     		.2byte	0x24e
 916 05b7 F9010000 		.4byte	0x1f9
 917 05bb 02       		.byte	0x2
 918 05bc 23       		.byte	0x23
 919 05bd 40       		.uleb128 0x40
 920 05be 19       		.uleb128 0x19
 921 05bf 94010000 		.4byte	.LASF87
 922 05c3 09       		.byte	0x9
 923 05c4 4F02     		.2byte	0x24f
 924 05c6 89000000 		.4byte	0x89
 925 05ca 02       		.byte	0x2
 926 05cb 23       		.byte	0x23
 927 05cc 44       		.uleb128 0x44
 928 05cd 19       		.uleb128 0x19
 929 05ce 66060000 		.4byte	.LASF88
 930 05d2 09       		.byte	0x9
 931 05d3 5002     		.2byte	0x250
 932 05d5 F9010000 		.4byte	0x1f9
 933 05d9 02       		.byte	0x2
 934 05da 23       		.byte	0x23
 935 05db 48       		.uleb128 0x48
 936 05dc 19       		.uleb128 0x19
 937 05dd 06040000 		.4byte	.LASF89
 938 05e1 09       		.byte	0x9
 939 05e2 5102     		.2byte	0x251
 940 05e4 A2090000 		.4byte	0x9a2
 941 05e8 02       		.byte	0x2
 942 05e9 23       		.byte	0x23
 943 05ea 4C       		.uleb128 0x4c
ARM GAS  /var/folders/nl/q97gxh4d5b321tqt4kfb6yzh0000gn/T//ccII5KeG.s 			page 18


 944 05eb 19       		.uleb128 0x19
 945 05ec 90020000 		.4byte	.LASF90
 946 05f0 09       		.byte	0x9
 947 05f1 5402     		.2byte	0x254
 948 05f3 89000000 		.4byte	0x89
 949 05f7 02       		.byte	0x2
 950 05f8 23       		.byte	0x23
 951 05f9 50       		.uleb128 0x50
 952 05fa 19       		.uleb128 0x19
 953 05fb B5010000 		.4byte	.LASF91
 954 05ff 09       		.byte	0x9
 955 0600 5502     		.2byte	0x255
 956 0602 69060000 		.4byte	0x669
 957 0606 02       		.byte	0x2
 958 0607 23       		.byte	0x23
 959 0608 54       		.uleb128 0x54
 960 0609 19       		.uleb128 0x19
 961 060a FB020000 		.4byte	.LASF92
 962 060e 09       		.byte	0x9
 963 060f 7802     		.2byte	0x278
 964 0611 52090000 		.4byte	0x952
 965 0615 02       		.byte	0x2
 966 0616 23       		.byte	0x23
 967 0617 58       		.uleb128 0x58
 968 0618 19       		.uleb128 0x19
 969 0619 DD030000 		.4byte	.LASF52
 970 061d 09       		.byte	0x9
 971 061e 7C02     		.2byte	0x27c
 972 0620 3A030000 		.4byte	0x33a
 973 0624 03       		.byte	0x3
 974 0625 23       		.byte	0x23
 975 0626 C802     		.uleb128 0x148
 976 0628 19       		.uleb128 0x19
 977 0629 3B000000 		.4byte	.LASF93
 978 062d 09       		.byte	0x9
 979 062e 7D02     		.2byte	0x27d
 980 0630 F3020000 		.4byte	0x2f3
 981 0634 03       		.byte	0x3
 982 0635 23       		.byte	0x23
 983 0636 CC02     		.uleb128 0x14c
 984 0638 19       		.uleb128 0x19
 985 0639 18060000 		.4byte	.LASF94
 986 063d 09       		.byte	0x9
 987 063e 8102     		.2byte	0x281
 988 0640 B4090000 		.4byte	0x9b4
 989 0644 03       		.byte	0x3
 990 0645 23       		.byte	0x23
 991 0646 DC05     		.uleb128 0x2dc
 992 0648 19       		.uleb128 0x19
 993 0649 6D010000 		.4byte	.LASF95
 994 064d 09       		.byte	0x9
 995 064e 8602     		.2byte	0x286
 996 0650 18070000 		.4byte	0x718
 997 0654 03       		.byte	0x3
 998 0655 23       		.byte	0x23
 999 0656 E005     		.uleb128 0x2e0
 1000 0658 19       		.uleb128 0x19
ARM GAS  /var/folders/nl/q97gxh4d5b321tqt4kfb6yzh0000gn/T//ccII5KeG.s 			page 19


 1001 0659 52010000 		.4byte	.LASF96
 1002 065d 09       		.byte	0x9
 1003 065e 8702     		.2byte	0x287
 1004 0660 C0090000 		.4byte	0x9c0
 1005 0664 03       		.byte	0x3
 1006 0665 23       		.byte	0x23
 1007 0666 EC05     		.uleb128 0x2ec
 1008 0668 00       		.byte	0
 1009 0669 13       		.uleb128 0x13
 1010 066a 04       		.byte	0x4
 1011 066b 6F060000 		.4byte	0x66f
 1012 066f 02       		.uleb128 0x2
 1013 0670 01       		.byte	0x1
 1014 0671 08       		.byte	0x8
 1015 0672 27050000 		.4byte	.LASF97
 1016 0676 05       		.uleb128 0x5
 1017 0677 6F060000 		.4byte	0x66f
 1018 067b 13       		.uleb128 0x13
 1019 067c 04       		.byte	0x4
 1020 067d E1040000 		.4byte	0x4e1
 1021 0681 16       		.uleb128 0x16
 1022 0682 01       		.byte	0x1
 1023 0683 89000000 		.4byte	0x89
 1024 0687 A0060000 		.4byte	0x6a0
 1025 068b 17       		.uleb128 0x17
 1026 068c 00050000 		.4byte	0x500
 1027 0690 17       		.uleb128 0x17
 1028 0691 F6000000 		.4byte	0xf6
 1029 0695 17       		.uleb128 0x17
 1030 0696 A0060000 		.4byte	0x6a0
 1031 069a 17       		.uleb128 0x17
 1032 069b 89000000 		.4byte	0x89
 1033 069f 00       		.byte	0
 1034 06a0 13       		.uleb128 0x13
 1035 06a1 04       		.byte	0x4
 1036 06a2 76060000 		.4byte	0x676
 1037 06a6 13       		.uleb128 0x13
 1038 06a7 04       		.byte	0x4
 1039 06a8 81060000 		.4byte	0x681
 1040 06ac 16       		.uleb128 0x16
 1041 06ad 01       		.byte	0x1
 1042 06ae 0E010000 		.4byte	0x10e
 1043 06b2 CB060000 		.4byte	0x6cb
 1044 06b6 17       		.uleb128 0x17
 1045 06b7 00050000 		.4byte	0x500
 1046 06bb 17       		.uleb128 0x17
 1047 06bc F6000000 		.4byte	0xf6
 1048 06c0 17       		.uleb128 0x17
 1049 06c1 0E010000 		.4byte	0x10e
 1050 06c5 17       		.uleb128 0x17
 1051 06c6 89000000 		.4byte	0x89
 1052 06ca 00       		.byte	0
 1053 06cb 13       		.uleb128 0x13
 1054 06cc 04       		.byte	0x4
 1055 06cd AC060000 		.4byte	0x6ac
 1056 06d1 16       		.uleb128 0x16
 1057 06d2 01       		.byte	0x1
ARM GAS  /var/folders/nl/q97gxh4d5b321tqt4kfb6yzh0000gn/T//ccII5KeG.s 			page 20


 1058 06d3 89000000 		.4byte	0x89
 1059 06d7 E6060000 		.4byte	0x6e6
 1060 06db 17       		.uleb128 0x17
 1061 06dc 00050000 		.4byte	0x500
 1062 06e0 17       		.uleb128 0x17
 1063 06e1 F6000000 		.4byte	0xf6
 1064 06e5 00       		.byte	0
 1065 06e6 13       		.uleb128 0x13
 1066 06e7 04       		.byte	0x4
 1067 06e8 D1060000 		.4byte	0x6d1
 1068 06ec 0D       		.uleb128 0xd
 1069 06ed 37000000 		.4byte	0x37
 1070 06f1 FC060000 		.4byte	0x6fc
 1071 06f5 0E       		.uleb128 0xe
 1072 06f6 CD000000 		.4byte	0xcd
 1073 06fa 02       		.byte	0x2
 1074 06fb 00       		.byte	0
 1075 06fc 0D       		.uleb128 0xd
 1076 06fd 37000000 		.4byte	0x37
 1077 0701 0C070000 		.4byte	0x70c
 1078 0705 0E       		.uleb128 0xe
 1079 0706 CD000000 		.4byte	0xcd
 1080 070a 00       		.byte	0
 1081 070b 00       		.byte	0
 1082 070c 0A       		.uleb128 0xa
 1083 070d 72040000 		.4byte	.LASF98
 1084 0711 09       		.byte	0x9
 1085 0712 1F01     		.2byte	0x11f
 1086 0714 87030000 		.4byte	0x387
 1087 0718 1A       		.uleb128 0x1a
 1088 0719 00060000 		.4byte	.LASF99
 1089 071d 0C       		.byte	0xc
 1090 071e 09       		.byte	0x9
 1091 071f 2301     		.2byte	0x123
 1092 0721 53070000 		.4byte	0x753
 1093 0725 19       		.uleb128 0x19
 1094 0726 89050000 		.4byte	.LASF32
 1095 072a 09       		.byte	0x9
 1096 072b 2501     		.2byte	0x125
 1097 072d 53070000 		.4byte	0x753
 1098 0731 02       		.byte	0x2
 1099 0732 23       		.byte	0x23
 1100 0733 00       		.uleb128 0
 1101 0734 19       		.uleb128 0x19
 1102 0735 C2020000 		.4byte	.LASF100
 1103 0739 09       		.byte	0x9
 1104 073a 2601     		.2byte	0x126
 1105 073c 89000000 		.4byte	0x89
 1106 0740 02       		.byte	0x2
 1107 0741 23       		.byte	0x23
 1108 0742 04       		.uleb128 0x4
 1109 0743 19       		.uleb128 0x19
 1110 0744 41040000 		.4byte	.LASF101
 1111 0748 09       		.byte	0x9
 1112 0749 2701     		.2byte	0x127
 1113 074b 59070000 		.4byte	0x759
 1114 074f 02       		.byte	0x2
ARM GAS  /var/folders/nl/q97gxh4d5b321tqt4kfb6yzh0000gn/T//ccII5KeG.s 			page 21


 1115 0750 23       		.byte	0x23
 1116 0751 08       		.uleb128 0x8
 1117 0752 00       		.byte	0
 1118 0753 13       		.uleb128 0x13
 1119 0754 04       		.byte	0x4
 1120 0755 18070000 		.4byte	0x718
 1121 0759 13       		.uleb128 0x13
 1122 075a 04       		.byte	0x4
 1123 075b 0C070000 		.4byte	0x70c
 1124 075f 1A       		.uleb128 0x1a
 1125 0760 1E000000 		.4byte	.LASF102
 1126 0764 0E       		.byte	0xe
 1127 0765 09       		.byte	0x9
 1128 0766 3F01     		.2byte	0x13f
 1129 0768 9A070000 		.4byte	0x79a
 1130 076c 19       		.uleb128 0x19
 1131 076d E6040000 		.4byte	.LASF103
 1132 0771 09       		.byte	0x9
 1133 0772 4001     		.2byte	0x140
 1134 0774 9A070000 		.4byte	0x79a
 1135 0778 02       		.byte	0x2
 1136 0779 23       		.byte	0x23
 1137 077a 00       		.uleb128 0
 1138 077b 19       		.uleb128 0x19
 1139 077c 06030000 		.4byte	.LASF104
 1140 0780 09       		.byte	0x9
 1141 0781 4101     		.2byte	0x141
 1142 0783 9A070000 		.4byte	0x79a
 1143 0787 02       		.byte	0x2
 1144 0788 23       		.byte	0x23
 1145 0789 06       		.uleb128 0x6
 1146 078a 19       		.uleb128 0x19
 1147 078b B8050000 		.4byte	.LASF105
 1148 078f 09       		.byte	0x9
 1149 0790 4201     		.2byte	0x142
 1150 0792 50000000 		.4byte	0x50
 1151 0796 02       		.byte	0x2
 1152 0797 23       		.byte	0x23
 1153 0798 0C       		.uleb128 0xc
 1154 0799 00       		.byte	0
 1155 079a 0D       		.uleb128 0xd
 1156 079b 50000000 		.4byte	0x50
 1157 079f AA070000 		.4byte	0x7aa
 1158 07a3 0E       		.uleb128 0xe
 1159 07a4 CD000000 		.4byte	0xcd
 1160 07a8 02       		.byte	0x2
 1161 07a9 00       		.byte	0
 1162 07aa 1B       		.uleb128 0x1b
 1163 07ab D0       		.byte	0xd0
 1164 07ac 09       		.byte	0x9
 1165 07ad 5902     		.2byte	0x259
 1166 07af DA080000 		.4byte	0x8da
 1167 07b3 19       		.uleb128 0x19
 1168 07b4 EE050000 		.4byte	.LASF106
 1169 07b8 09       		.byte	0x9
 1170 07b9 5B02     		.2byte	0x25b
 1171 07bb 90000000 		.4byte	0x90
ARM GAS  /var/folders/nl/q97gxh4d5b321tqt4kfb6yzh0000gn/T//ccII5KeG.s 			page 22


 1172 07bf 02       		.byte	0x2
 1173 07c0 23       		.byte	0x23
 1174 07c1 00       		.uleb128 0
 1175 07c2 19       		.uleb128 0x19
 1176 07c3 8F050000 		.4byte	.LASF107
 1177 07c7 09       		.byte	0x9
 1178 07c8 5C02     		.2byte	0x25c
 1179 07ca 69060000 		.4byte	0x669
 1180 07ce 02       		.byte	0x2
 1181 07cf 23       		.byte	0x23
 1182 07d0 04       		.uleb128 0x4
 1183 07d1 19       		.uleb128 0x19
 1184 07d2 E0020000 		.4byte	.LASF108
 1185 07d6 09       		.byte	0x9
 1186 07d7 5D02     		.2byte	0x25d
 1187 07d9 DA080000 		.4byte	0x8da
 1188 07dd 02       		.byte	0x2
 1189 07de 23       		.byte	0x23
 1190 07df 08       		.uleb128 0x8
 1191 07e0 19       		.uleb128 0x19
 1192 07e1 3B060000 		.4byte	.LASF109
 1193 07e5 09       		.byte	0x9
 1194 07e6 5E02     		.2byte	0x25e
 1195 07e8 0F020000 		.4byte	0x20f
 1196 07ec 02       		.byte	0x2
 1197 07ed 23       		.byte	0x23
 1198 07ee 24       		.uleb128 0x24
 1199 07ef 19       		.uleb128 0x19
 1200 07f0 F0030000 		.4byte	.LASF110
 1201 07f4 09       		.byte	0x9
 1202 07f5 5F02     		.2byte	0x25f
 1203 07f7 89000000 		.4byte	0x89
 1204 07fb 02       		.byte	0x2
 1205 07fc 23       		.byte	0x23
 1206 07fd 48       		.uleb128 0x48
 1207 07fe 19       		.uleb128 0x19
 1208 07ff C9020000 		.4byte	.LASF111
 1209 0803 09       		.byte	0x9
 1210 0804 6002     		.2byte	0x260
 1211 0806 82000000 		.4byte	0x82
 1212 080a 02       		.byte	0x2
 1213 080b 23       		.byte	0x23
 1214 080c 50       		.uleb128 0x50
 1215 080d 19       		.uleb128 0x19
 1216 080e 53060000 		.4byte	.LASF112
 1217 0812 09       		.byte	0x9
 1218 0813 6102     		.2byte	0x261
 1219 0815 5F070000 		.4byte	0x75f
 1220 0819 02       		.byte	0x2
 1221 081a 23       		.byte	0x23
 1222 081b 58       		.uleb128 0x58
 1223 081c 19       		.uleb128 0x19
 1224 081d 95040000 		.4byte	.LASF113
 1225 0821 09       		.byte	0x9
 1226 0822 6202     		.2byte	0x262
 1227 0824 79010000 		.4byte	0x179
 1228 0828 02       		.byte	0x2
ARM GAS  /var/folders/nl/q97gxh4d5b321tqt4kfb6yzh0000gn/T//ccII5KeG.s 			page 23


 1229 0829 23       		.byte	0x23
 1230 082a 68       		.uleb128 0x68
 1231 082b 19       		.uleb128 0x19
 1232 082c 58060000 		.4byte	.LASF114
 1233 0830 09       		.byte	0x9
 1234 0831 6302     		.2byte	0x263
 1235 0833 79010000 		.4byte	0x179
 1236 0837 02       		.byte	0x2
 1237 0838 23       		.byte	0x23
 1238 0839 70       		.uleb128 0x70
 1239 083a 19       		.uleb128 0x19
 1240 083b AB000000 		.4byte	.LASF115
 1241 083f 09       		.byte	0x9
 1242 0840 6402     		.2byte	0x264
 1243 0842 79010000 		.4byte	0x179
 1244 0846 02       		.byte	0x2
 1245 0847 23       		.byte	0x23
 1246 0848 78       		.uleb128 0x78
 1247 0849 19       		.uleb128 0x19
 1248 084a 0E060000 		.4byte	.LASF116
 1249 084e 09       		.byte	0x9
 1250 084f 6502     		.2byte	0x265
 1251 0851 EA080000 		.4byte	0x8ea
 1252 0855 03       		.byte	0x3
 1253 0856 23       		.byte	0x23
 1254 0857 8001     		.uleb128 0x80
 1255 0859 19       		.uleb128 0x19
 1256 085a D4020000 		.4byte	.LASF117
 1257 085e 09       		.byte	0x9
 1258 085f 6602     		.2byte	0x266
 1259 0861 FA080000 		.4byte	0x8fa
 1260 0865 03       		.byte	0x3
 1261 0866 23       		.byte	0x23
 1262 0867 8801     		.uleb128 0x88
 1263 0869 19       		.uleb128 0x19
 1264 086a C5050000 		.4byte	.LASF118
 1265 086e 09       		.byte	0x9
 1266 086f 6702     		.2byte	0x267
 1267 0871 89000000 		.4byte	0x89
 1268 0875 03       		.byte	0x3
 1269 0876 23       		.byte	0x23
 1270 0877 A001     		.uleb128 0xa0
 1271 0879 19       		.uleb128 0x19
 1272 087a D6010000 		.4byte	.LASF119
 1273 087e 09       		.byte	0x9
 1274 087f 6802     		.2byte	0x268
 1275 0881 79010000 		.4byte	0x179
 1276 0885 03       		.byte	0x3
 1277 0886 23       		.byte	0x23
 1278 0887 A401     		.uleb128 0xa4
 1279 0889 19       		.uleb128 0x19
 1280 088a 9C000000 		.4byte	.LASF120
 1281 088e 09       		.byte	0x9
 1282 088f 6902     		.2byte	0x269
 1283 0891 79010000 		.4byte	0x179
 1284 0895 03       		.byte	0x3
 1285 0896 23       		.byte	0x23
ARM GAS  /var/folders/nl/q97gxh4d5b321tqt4kfb6yzh0000gn/T//ccII5KeG.s 			page 24


 1286 0897 AC01     		.uleb128 0xac
 1287 0899 19       		.uleb128 0x19
 1288 089a C5010000 		.4byte	.LASF121
 1289 089e 09       		.byte	0x9
 1290 089f 6A02     		.2byte	0x26a
 1291 08a1 79010000 		.4byte	0x179
 1292 08a5 03       		.byte	0x3
 1293 08a6 23       		.byte	0x23
 1294 08a7 B401     		.uleb128 0xb4
 1295 08a9 19       		.uleb128 0x19
 1296 08aa 44000000 		.4byte	.LASF122
 1297 08ae 09       		.byte	0x9
 1298 08af 6B02     		.2byte	0x26b
 1299 08b1 79010000 		.4byte	0x179
 1300 08b5 03       		.byte	0x3
 1301 08b6 23       		.byte	0x23
 1302 08b7 BC01     		.uleb128 0xbc
 1303 08b9 19       		.uleb128 0x19
 1304 08ba 53000000 		.4byte	.LASF123
 1305 08be 09       		.byte	0x9
 1306 08bf 6C02     		.2byte	0x26c
 1307 08c1 79010000 		.4byte	0x179
 1308 08c5 03       		.byte	0x3
 1309 08c6 23       		.byte	0x23
 1310 08c7 C401     		.uleb128 0xc4
 1311 08c9 19       		.uleb128 0x19
 1312 08ca 47040000 		.4byte	.LASF124
 1313 08ce 09       		.byte	0x9
 1314 08cf 6D02     		.2byte	0x26d
 1315 08d1 89000000 		.4byte	0x89
 1316 08d5 03       		.byte	0x3
 1317 08d6 23       		.byte	0x23
 1318 08d7 CC01     		.uleb128 0xcc
 1319 08d9 00       		.byte	0
 1320 08da 0D       		.uleb128 0xd
 1321 08db 6F060000 		.4byte	0x66f
 1322 08df EA080000 		.4byte	0x8ea
 1323 08e3 0E       		.uleb128 0xe
 1324 08e4 CD000000 		.4byte	0xcd
 1325 08e8 19       		.byte	0x19
 1326 08e9 00       		.byte	0
 1327 08ea 0D       		.uleb128 0xd
 1328 08eb 6F060000 		.4byte	0x66f
 1329 08ef FA080000 		.4byte	0x8fa
 1330 08f3 0E       		.uleb128 0xe
 1331 08f4 CD000000 		.4byte	0xcd
 1332 08f8 07       		.byte	0x7
 1333 08f9 00       		.byte	0
 1334 08fa 0D       		.uleb128 0xd
 1335 08fb 6F060000 		.4byte	0x66f
 1336 08ff 0A090000 		.4byte	0x90a
 1337 0903 0E       		.uleb128 0xe
 1338 0904 CD000000 		.4byte	0xcd
 1339 0908 17       		.byte	0x17
 1340 0909 00       		.byte	0
 1341 090a 1B       		.uleb128 0x1b
 1342 090b F0       		.byte	0xf0
ARM GAS  /var/folders/nl/q97gxh4d5b321tqt4kfb6yzh0000gn/T//ccII5KeG.s 			page 25


 1343 090c 09       		.byte	0x9
 1344 090d 7202     		.2byte	0x272
 1345 090f 32090000 		.4byte	0x932
 1346 0913 19       		.uleb128 0x19
 1347 0914 CD030000 		.4byte	.LASF125
 1348 0918 09       		.byte	0x9
 1349 0919 7502     		.2byte	0x275
 1350 091b 32090000 		.4byte	0x932
 1351 091f 02       		.byte	0x2
 1352 0920 23       		.byte	0x23
 1353 0921 00       		.uleb128 0
 1354 0922 19       		.uleb128 0x19
 1355 0923 29030000 		.4byte	.LASF126
 1356 0927 09       		.byte	0x9
 1357 0928 7602     		.2byte	0x276
 1358 092a 42090000 		.4byte	0x942
 1359 092e 02       		.byte	0x2
 1360 092f 23       		.byte	0x23
 1361 0930 78       		.uleb128 0x78
 1362 0931 00       		.byte	0
 1363 0932 0D       		.uleb128 0xd
 1364 0933 81030000 		.4byte	0x381
 1365 0937 42090000 		.4byte	0x942
 1366 093b 0E       		.uleb128 0xe
 1367 093c CD000000 		.4byte	0xcd
 1368 0940 1D       		.byte	0x1d
 1369 0941 00       		.byte	0
 1370 0942 0D       		.uleb128 0xd
 1371 0943 90000000 		.4byte	0x90
 1372 0947 52090000 		.4byte	0x952
 1373 094b 0E       		.uleb128 0xe
 1374 094c CD000000 		.4byte	0xcd
 1375 0950 1D       		.byte	0x1d
 1376 0951 00       		.byte	0
 1377 0952 1C       		.uleb128 0x1c
 1378 0953 F0       		.byte	0xf0
 1379 0954 09       		.byte	0x9
 1380 0955 5702     		.2byte	0x257
 1381 0957 74090000 		.4byte	0x974
 1382 095b 1D       		.uleb128 0x1d
 1383 095c DF040000 		.4byte	.LASF75
 1384 0960 09       		.byte	0x9
 1385 0961 6E02     		.2byte	0x26e
 1386 0963 AA070000 		.4byte	0x7aa
 1387 0967 1D       		.uleb128 0x1d
 1388 0968 28060000 		.4byte	.LASF127
 1389 096c 09       		.byte	0x9
 1390 096d 7702     		.2byte	0x277
 1391 096f 0A090000 		.4byte	0x90a
 1392 0973 00       		.byte	0
 1393 0974 0D       		.uleb128 0xd
 1394 0975 6F060000 		.4byte	0x66f
 1395 0979 84090000 		.4byte	0x984
 1396 097d 0E       		.uleb128 0xe
 1397 097e CD000000 		.4byte	0xcd
 1398 0982 18       		.byte	0x18
 1399 0983 00       		.byte	0
ARM GAS  /var/folders/nl/q97gxh4d5b321tqt4kfb6yzh0000gn/T//ccII5KeG.s 			page 26


 1400 0984 1E       		.uleb128 0x1e
 1401 0985 84000000 		.4byte	.LASF137
 1402 0989 01       		.byte	0x1
 1403 098a 13       		.uleb128 0x13
 1404 098b 04       		.byte	0x4
 1405 098c 84090000 		.4byte	0x984
 1406 0990 1F       		.uleb128 0x1f
 1407 0991 01       		.byte	0x1
 1408 0992 9C090000 		.4byte	0x99c
 1409 0996 17       		.uleb128 0x17
 1410 0997 00050000 		.4byte	0x500
 1411 099b 00       		.byte	0
 1412 099c 13       		.uleb128 0x13
 1413 099d 04       		.byte	0x4
 1414 099e 90090000 		.4byte	0x990
 1415 09a2 13       		.uleb128 0x13
 1416 09a3 04       		.byte	0x4
 1417 09a4 F9010000 		.4byte	0x1f9
 1418 09a8 1F       		.uleb128 0x1f
 1419 09a9 01       		.byte	0x1
 1420 09aa B4090000 		.4byte	0x9b4
 1421 09ae 17       		.uleb128 0x17
 1422 09af 89000000 		.4byte	0x89
 1423 09b3 00       		.byte	0
 1424 09b4 13       		.uleb128 0x13
 1425 09b5 04       		.byte	0x4
 1426 09b6 BA090000 		.4byte	0x9ba
 1427 09ba 13       		.uleb128 0x13
 1428 09bb 04       		.byte	0x4
 1429 09bc A8090000 		.4byte	0x9a8
 1430 09c0 0D       		.uleb128 0xd
 1431 09c1 0C070000 		.4byte	0x70c
 1432 09c5 D0090000 		.4byte	0x9d0
 1433 09c9 0E       		.uleb128 0xe
 1434 09ca CD000000 		.4byte	0xcd
 1435 09ce 02       		.byte	0x2
 1436 09cf 00       		.byte	0
 1437 09d0 07       		.uleb128 0x7
 1438 09d1 4A020000 		.4byte	.LASF128
 1439 09d5 09       		.byte	0x9
 1440 09d6 FE02     		.2byte	0x2fe
 1441 09d8 00050000 		.4byte	0x500
 1442 09dc 01       		.byte	0x1
 1443 09dd 01       		.byte	0x1
 1444 09de 07       		.uleb128 0x7
 1445 09df D2050000 		.4byte	.LASF129
 1446 09e3 09       		.byte	0x9
 1447 09e4 FF02     		.2byte	0x2ff
 1448 09e6 06050000 		.4byte	0x506
 1449 09ea 01       		.byte	0x1
 1450 09eb 01       		.byte	0x1
 1451 09ec 13       		.uleb128 0x13
 1452 09ed 04       		.byte	0x4
 1453 09ee A2000000 		.4byte	0xa2
 1454 09f2 0F       		.uleb128 0xf
 1455 09f3 08       		.byte	0x8
 1456 09f4 0A       		.byte	0xa
ARM GAS  /var/folders/nl/q97gxh4d5b321tqt4kfb6yzh0000gn/T//ccII5KeG.s 			page 27


 1457 09f5 3B       		.byte	0x3b
 1458 09f6 170A0000 		.4byte	0xa17
 1459 09fa 10       		.uleb128 0x10
 1460 09fb 22040000 		.4byte	.LASF130
 1461 09ff 0A       		.byte	0xa
 1462 0a00 3D       		.byte	0x3d
 1463 0a01 A7000000 		.4byte	0xa7
 1464 0a05 02       		.byte	0x2
 1465 0a06 23       		.byte	0x23
 1466 0a07 00       		.uleb128 0
 1467 0a08 10       		.uleb128 0x10
 1468 0a09 B0020000 		.4byte	.LASF131
 1469 0a0d 0A       		.byte	0xa
 1470 0a0e 3E       		.byte	0x3e
 1471 0a0f EC090000 		.4byte	0x9ec
 1472 0a13 02       		.byte	0x2
 1473 0a14 23       		.byte	0x23
 1474 0a15 04       		.uleb128 0x4
 1475 0a16 00       		.byte	0
 1476 0a17 03       		.uleb128 0x3
 1477 0a18 BF030000 		.4byte	.LASF132
 1478 0a1c 0A       		.byte	0xa
 1479 0a1d 3F       		.byte	0x3f
 1480 0a1e F2090000 		.4byte	0x9f2
 1481 0a22 20       		.uleb128 0x20
 1482 0a23 01       		.byte	0x1
 1483 0a24 53050000 		.4byte	.LASF138
 1484 0a28 01       		.byte	0x1
 1485 0a29 10       		.byte	0x10
 1486 0a2a 01       		.byte	0x1
 1487 0a2b 00000000 		.4byte	.LFB127
 1488 0a2f 1A000000 		.4byte	.LFE127
 1489 0a33 00000000 		.4byte	.LLST0
 1490 0a37 01       		.byte	0x1
 1491 0a38 850A0000 		.4byte	0xa85
 1492 0a3c 21       		.uleb128 0x21
 1493 0a3d 22040000 		.4byte	.LASF130
 1494 0a41 01       		.byte	0x1
 1495 0a42 10       		.byte	0x10
 1496 0a43 A7000000 		.4byte	0xa7
 1497 0a47 2C000000 		.4byte	.LLST1
 1498 0a4b 21       		.uleb128 0x21
 1499 0a4c 3A020000 		.4byte	.LASF133
 1500 0a50 01       		.byte	0x1
 1501 0a51 10       		.byte	0x10
 1502 0a52 EC090000 		.4byte	0x9ec
 1503 0a56 59000000 		.4byte	.LLST2
 1504 0a5a 22       		.uleb128 0x22
 1505 0a5b 1D030000 		.4byte	.LASF139
 1506 0a5f 01       		.byte	0x1
 1507 0a60 12       		.byte	0x12
 1508 0a61 170A0000 		.4byte	0xa17
 1509 0a65 02       		.byte	0x2
 1510 0a66 91       		.byte	0x91
 1511 0a67 70       		.sleb128 -16
 1512 0a68 23       		.uleb128 0x23
 1513 0a69 14000000 		.4byte	.LVL3
ARM GAS  /var/folders/nl/q97gxh4d5b321tqt4kfb6yzh0000gn/T//ccII5KeG.s 			page 28


 1514 0a6d 850A0000 		.4byte	0xa85
 1515 0a71 24       		.uleb128 0x24
 1516 0a72 01       		.byte	0x1
 1517 0a73 50       		.byte	0x50
 1518 0a74 03       		.byte	0x3
 1519 0a75 0A       		.byte	0xa
 1520 0a76 0240     		.2byte	0x4002
 1521 0a78 24       		.uleb128 0x24
 1522 0a79 01       		.byte	0x1
 1523 0a7a 51       		.byte	0x51
 1524 0a7b 01       		.byte	0x1
 1525 0a7c 30       		.byte	0x30
 1526 0a7d 24       		.uleb128 0x24
 1527 0a7e 01       		.byte	0x1
 1528 0a7f 52       		.byte	0x52
 1529 0a80 02       		.byte	0x2
 1530 0a81 7D       		.byte	0x7d
 1531 0a82 00       		.sleb128 0
 1532 0a83 00       		.byte	0
 1533 0a84 00       		.byte	0
 1534 0a85 25       		.uleb128 0x25
 1535 0a86 01       		.byte	0x1
 1536 0a87 01       		.byte	0x1
 1537 0a88 71050000 		.4byte	.LASF140
 1538 0a8c 71050000 		.4byte	.LASF140
 1539 0a90 0B       		.byte	0xb
 1540 0a91 30       		.byte	0x30
 1541 0a92 00       		.byte	0
 1542              		.section	.debug_abbrev,"",%progbits
 1543              	.Ldebug_abbrev0:
 1544 0000 01       		.uleb128 0x1
 1545 0001 11       		.uleb128 0x11
 1546 0002 01       		.byte	0x1
 1547 0003 25       		.uleb128 0x25
 1548 0004 0E       		.uleb128 0xe
 1549 0005 13       		.uleb128 0x13
 1550 0006 0B       		.uleb128 0xb
 1551 0007 03       		.uleb128 0x3
 1552 0008 0E       		.uleb128 0xe
 1553 0009 1B       		.uleb128 0x1b
 1554 000a 0E       		.uleb128 0xe
 1555 000b 11       		.uleb128 0x11
 1556 000c 01       		.uleb128 0x1
 1557 000d 12       		.uleb128 0x12
 1558 000e 01       		.uleb128 0x1
 1559 000f 10       		.uleb128 0x10
 1560 0010 06       		.uleb128 0x6
 1561 0011 00       		.byte	0
 1562 0012 00       		.byte	0
 1563 0013 02       		.uleb128 0x2
 1564 0014 24       		.uleb128 0x24
 1565 0015 00       		.byte	0
 1566 0016 0B       		.uleb128 0xb
 1567 0017 0B       		.uleb128 0xb
 1568 0018 3E       		.uleb128 0x3e
 1569 0019 0B       		.uleb128 0xb
 1570 001a 03       		.uleb128 0x3
ARM GAS  /var/folders/nl/q97gxh4d5b321tqt4kfb6yzh0000gn/T//ccII5KeG.s 			page 29


 1571 001b 0E       		.uleb128 0xe
 1572 001c 00       		.byte	0
 1573 001d 00       		.byte	0
 1574 001e 03       		.uleb128 0x3
 1575 001f 16       		.uleb128 0x16
 1576 0020 00       		.byte	0
 1577 0021 03       		.uleb128 0x3
 1578 0022 0E       		.uleb128 0xe
 1579 0023 3A       		.uleb128 0x3a
 1580 0024 0B       		.uleb128 0xb
 1581 0025 3B       		.uleb128 0x3b
 1582 0026 0B       		.uleb128 0xb
 1583 0027 49       		.uleb128 0x49
 1584 0028 13       		.uleb128 0x13
 1585 0029 00       		.byte	0
 1586 002a 00       		.byte	0
 1587 002b 04       		.uleb128 0x4
 1588 002c 24       		.uleb128 0x24
 1589 002d 00       		.byte	0
 1590 002e 0B       		.uleb128 0xb
 1591 002f 0B       		.uleb128 0xb
 1592 0030 3E       		.uleb128 0x3e
 1593 0031 0B       		.uleb128 0xb
 1594 0032 03       		.uleb128 0x3
 1595 0033 08       		.uleb128 0x8
 1596 0034 00       		.byte	0
 1597 0035 00       		.byte	0
 1598 0036 05       		.uleb128 0x5
 1599 0037 26       		.uleb128 0x26
 1600 0038 00       		.byte	0
 1601 0039 49       		.uleb128 0x49
 1602 003a 13       		.uleb128 0x13
 1603 003b 00       		.byte	0
 1604 003c 00       		.byte	0
 1605 003d 06       		.uleb128 0x6
 1606 003e 35       		.uleb128 0x35
 1607 003f 00       		.byte	0
 1608 0040 49       		.uleb128 0x49
 1609 0041 13       		.uleb128 0x13
 1610 0042 00       		.byte	0
 1611 0043 00       		.byte	0
 1612 0044 07       		.uleb128 0x7
 1613 0045 34       		.uleb128 0x34
 1614 0046 00       		.byte	0
 1615 0047 03       		.uleb128 0x3
 1616 0048 0E       		.uleb128 0xe
 1617 0049 3A       		.uleb128 0x3a
 1618 004a 0B       		.uleb128 0xb
 1619 004b 3B       		.uleb128 0x3b
 1620 004c 05       		.uleb128 0x5
 1621 004d 49       		.uleb128 0x49
 1622 004e 13       		.uleb128 0x13
 1623 004f 3F       		.uleb128 0x3f
 1624 0050 0C       		.uleb128 0xc
 1625 0051 3C       		.uleb128 0x3c
 1626 0052 0C       		.uleb128 0xc
 1627 0053 00       		.byte	0
ARM GAS  /var/folders/nl/q97gxh4d5b321tqt4kfb6yzh0000gn/T//ccII5KeG.s 			page 30


 1628 0054 00       		.byte	0
 1629 0055 08       		.uleb128 0x8
 1630 0056 34       		.uleb128 0x34
 1631 0057 00       		.byte	0
 1632 0058 03       		.uleb128 0x3
 1633 0059 0E       		.uleb128 0xe
 1634 005a 3A       		.uleb128 0x3a
 1635 005b 0B       		.uleb128 0xb
 1636 005c 3B       		.uleb128 0x3b
 1637 005d 0B       		.uleb128 0xb
 1638 005e 49       		.uleb128 0x49
 1639 005f 13       		.uleb128 0x13
 1640 0060 3F       		.uleb128 0x3f
 1641 0061 0C       		.uleb128 0xc
 1642 0062 3C       		.uleb128 0x3c
 1643 0063 0C       		.uleb128 0xc
 1644 0064 00       		.byte	0
 1645 0065 00       		.byte	0
 1646 0066 09       		.uleb128 0x9
 1647 0067 0F       		.uleb128 0xf
 1648 0068 00       		.byte	0
 1649 0069 0B       		.uleb128 0xb
 1650 006a 0B       		.uleb128 0xb
 1651 006b 00       		.byte	0
 1652 006c 00       		.byte	0
 1653 006d 0A       		.uleb128 0xa
 1654 006e 16       		.uleb128 0x16
 1655 006f 00       		.byte	0
 1656 0070 03       		.uleb128 0x3
 1657 0071 0E       		.uleb128 0xe
 1658 0072 3A       		.uleb128 0x3a
 1659 0073 0B       		.uleb128 0xb
 1660 0074 3B       		.uleb128 0x3b
 1661 0075 05       		.uleb128 0x5
 1662 0076 49       		.uleb128 0x49
 1663 0077 13       		.uleb128 0x13
 1664 0078 00       		.byte	0
 1665 0079 00       		.byte	0
 1666 007a 0B       		.uleb128 0xb
 1667 007b 17       		.uleb128 0x17
 1668 007c 01       		.byte	0x1
 1669 007d 0B       		.uleb128 0xb
 1670 007e 0B       		.uleb128 0xb
 1671 007f 3A       		.uleb128 0x3a
 1672 0080 0B       		.uleb128 0xb
 1673 0081 3B       		.uleb128 0x3b
 1674 0082 0B       		.uleb128 0xb
 1675 0083 01       		.uleb128 0x1
 1676 0084 13       		.uleb128 0x13
 1677 0085 00       		.byte	0
 1678 0086 00       		.byte	0
 1679 0087 0C       		.uleb128 0xc
 1680 0088 0D       		.uleb128 0xd
 1681 0089 00       		.byte	0
 1682 008a 03       		.uleb128 0x3
 1683 008b 0E       		.uleb128 0xe
 1684 008c 3A       		.uleb128 0x3a
ARM GAS  /var/folders/nl/q97gxh4d5b321tqt4kfb6yzh0000gn/T//ccII5KeG.s 			page 31


 1685 008d 0B       		.uleb128 0xb
 1686 008e 3B       		.uleb128 0x3b
 1687 008f 0B       		.uleb128 0xb
 1688 0090 49       		.uleb128 0x49
 1689 0091 13       		.uleb128 0x13
 1690 0092 00       		.byte	0
 1691 0093 00       		.byte	0
 1692 0094 0D       		.uleb128 0xd
 1693 0095 01       		.uleb128 0x1
 1694 0096 01       		.byte	0x1
 1695 0097 49       		.uleb128 0x49
 1696 0098 13       		.uleb128 0x13
 1697 0099 01       		.uleb128 0x1
 1698 009a 13       		.uleb128 0x13
 1699 009b 00       		.byte	0
 1700 009c 00       		.byte	0
 1701 009d 0E       		.uleb128 0xe
 1702 009e 21       		.uleb128 0x21
 1703 009f 00       		.byte	0
 1704 00a0 49       		.uleb128 0x49
 1705 00a1 13       		.uleb128 0x13
 1706 00a2 2F       		.uleb128 0x2f
 1707 00a3 0B       		.uleb128 0xb
 1708 00a4 00       		.byte	0
 1709 00a5 00       		.byte	0
 1710 00a6 0F       		.uleb128 0xf
 1711 00a7 13       		.uleb128 0x13
 1712 00a8 01       		.byte	0x1
 1713 00a9 0B       		.uleb128 0xb
 1714 00aa 0B       		.uleb128 0xb
 1715 00ab 3A       		.uleb128 0x3a
 1716 00ac 0B       		.uleb128 0xb
 1717 00ad 3B       		.uleb128 0x3b
 1718 00ae 0B       		.uleb128 0xb
 1719 00af 01       		.uleb128 0x1
 1720 00b0 13       		.uleb128 0x13
 1721 00b1 00       		.byte	0
 1722 00b2 00       		.byte	0
 1723 00b3 10       		.uleb128 0x10
 1724 00b4 0D       		.uleb128 0xd
 1725 00b5 00       		.byte	0
 1726 00b6 03       		.uleb128 0x3
 1727 00b7 0E       		.uleb128 0xe
 1728 00b8 3A       		.uleb128 0x3a
 1729 00b9 0B       		.uleb128 0xb
 1730 00ba 3B       		.uleb128 0x3b
 1731 00bb 0B       		.uleb128 0xb
 1732 00bc 49       		.uleb128 0x49
 1733 00bd 13       		.uleb128 0x13
 1734 00be 38       		.uleb128 0x38
 1735 00bf 0A       		.uleb128 0xa
 1736 00c0 00       		.byte	0
 1737 00c1 00       		.byte	0
 1738 00c2 11       		.uleb128 0x11
 1739 00c3 13       		.uleb128 0x13
 1740 00c4 01       		.byte	0x1
 1741 00c5 03       		.uleb128 0x3
ARM GAS  /var/folders/nl/q97gxh4d5b321tqt4kfb6yzh0000gn/T//ccII5KeG.s 			page 32


 1742 00c6 0E       		.uleb128 0xe
 1743 00c7 0B       		.uleb128 0xb
 1744 00c8 0B       		.uleb128 0xb
 1745 00c9 3A       		.uleb128 0x3a
 1746 00ca 0B       		.uleb128 0xb
 1747 00cb 3B       		.uleb128 0x3b
 1748 00cc 0B       		.uleb128 0xb
 1749 00cd 01       		.uleb128 0x1
 1750 00ce 13       		.uleb128 0x13
 1751 00cf 00       		.byte	0
 1752 00d0 00       		.byte	0
 1753 00d1 12       		.uleb128 0x12
 1754 00d2 0D       		.uleb128 0xd
 1755 00d3 00       		.byte	0
 1756 00d4 03       		.uleb128 0x3
 1757 00d5 08       		.uleb128 0x8
 1758 00d6 3A       		.uleb128 0x3a
 1759 00d7 0B       		.uleb128 0xb
 1760 00d8 3B       		.uleb128 0x3b
 1761 00d9 0B       		.uleb128 0xb
 1762 00da 49       		.uleb128 0x49
 1763 00db 13       		.uleb128 0x13
 1764 00dc 38       		.uleb128 0x38
 1765 00dd 0A       		.uleb128 0xa
 1766 00de 00       		.byte	0
 1767 00df 00       		.byte	0
 1768 00e0 13       		.uleb128 0x13
 1769 00e1 0F       		.uleb128 0xf
 1770 00e2 00       		.byte	0
 1771 00e3 0B       		.uleb128 0xb
 1772 00e4 0B       		.uleb128 0xb
 1773 00e5 49       		.uleb128 0x49
 1774 00e6 13       		.uleb128 0x13
 1775 00e7 00       		.byte	0
 1776 00e8 00       		.byte	0
 1777 00e9 14       		.uleb128 0x14
 1778 00ea 13       		.uleb128 0x13
 1779 00eb 01       		.byte	0x1
 1780 00ec 03       		.uleb128 0x3
 1781 00ed 0E       		.uleb128 0xe
 1782 00ee 0B       		.uleb128 0xb
 1783 00ef 05       		.uleb128 0x5
 1784 00f0 3A       		.uleb128 0x3a
 1785 00f1 0B       		.uleb128 0xb
 1786 00f2 3B       		.uleb128 0x3b
 1787 00f3 0B       		.uleb128 0xb
 1788 00f4 01       		.uleb128 0x1
 1789 00f5 13       		.uleb128 0x13
 1790 00f6 00       		.byte	0
 1791 00f7 00       		.byte	0
 1792 00f8 15       		.uleb128 0x15
 1793 00f9 15       		.uleb128 0x15
 1794 00fa 00       		.byte	0
 1795 00fb 27       		.uleb128 0x27
 1796 00fc 0C       		.uleb128 0xc
 1797 00fd 00       		.byte	0
 1798 00fe 00       		.byte	0
ARM GAS  /var/folders/nl/q97gxh4d5b321tqt4kfb6yzh0000gn/T//ccII5KeG.s 			page 33


 1799 00ff 16       		.uleb128 0x16
 1800 0100 15       		.uleb128 0x15
 1801 0101 01       		.byte	0x1
 1802 0102 27       		.uleb128 0x27
 1803 0103 0C       		.uleb128 0xc
 1804 0104 49       		.uleb128 0x49
 1805 0105 13       		.uleb128 0x13
 1806 0106 01       		.uleb128 0x1
 1807 0107 13       		.uleb128 0x13
 1808 0108 00       		.byte	0
 1809 0109 00       		.byte	0
 1810 010a 17       		.uleb128 0x17
 1811 010b 05       		.uleb128 0x5
 1812 010c 00       		.byte	0
 1813 010d 49       		.uleb128 0x49
 1814 010e 13       		.uleb128 0x13
 1815 010f 00       		.byte	0
 1816 0110 00       		.byte	0
 1817 0111 18       		.uleb128 0x18
 1818 0112 13       		.uleb128 0x13
 1819 0113 01       		.byte	0x1
 1820 0114 03       		.uleb128 0x3
 1821 0115 0E       		.uleb128 0xe
 1822 0116 0B       		.uleb128 0xb
 1823 0117 05       		.uleb128 0x5
 1824 0118 3A       		.uleb128 0x3a
 1825 0119 0B       		.uleb128 0xb
 1826 011a 3B       		.uleb128 0x3b
 1827 011b 05       		.uleb128 0x5
 1828 011c 01       		.uleb128 0x1
 1829 011d 13       		.uleb128 0x13
 1830 011e 00       		.byte	0
 1831 011f 00       		.byte	0
 1832 0120 19       		.uleb128 0x19
 1833 0121 0D       		.uleb128 0xd
 1834 0122 00       		.byte	0
 1835 0123 03       		.uleb128 0x3
 1836 0124 0E       		.uleb128 0xe
 1837 0125 3A       		.uleb128 0x3a
 1838 0126 0B       		.uleb128 0xb
 1839 0127 3B       		.uleb128 0x3b
 1840 0128 05       		.uleb128 0x5
 1841 0129 49       		.uleb128 0x49
 1842 012a 13       		.uleb128 0x13
 1843 012b 38       		.uleb128 0x38
 1844 012c 0A       		.uleb128 0xa
 1845 012d 00       		.byte	0
 1846 012e 00       		.byte	0
 1847 012f 1A       		.uleb128 0x1a
 1848 0130 13       		.uleb128 0x13
 1849 0131 01       		.byte	0x1
 1850 0132 03       		.uleb128 0x3
 1851 0133 0E       		.uleb128 0xe
 1852 0134 0B       		.uleb128 0xb
 1853 0135 0B       		.uleb128 0xb
 1854 0136 3A       		.uleb128 0x3a
 1855 0137 0B       		.uleb128 0xb
ARM GAS  /var/folders/nl/q97gxh4d5b321tqt4kfb6yzh0000gn/T//ccII5KeG.s 			page 34


 1856 0138 3B       		.uleb128 0x3b
 1857 0139 05       		.uleb128 0x5
 1858 013a 01       		.uleb128 0x1
 1859 013b 13       		.uleb128 0x13
 1860 013c 00       		.byte	0
 1861 013d 00       		.byte	0
 1862 013e 1B       		.uleb128 0x1b
 1863 013f 13       		.uleb128 0x13
 1864 0140 01       		.byte	0x1
 1865 0141 0B       		.uleb128 0xb
 1866 0142 0B       		.uleb128 0xb
 1867 0143 3A       		.uleb128 0x3a
 1868 0144 0B       		.uleb128 0xb
 1869 0145 3B       		.uleb128 0x3b
 1870 0146 05       		.uleb128 0x5
 1871 0147 01       		.uleb128 0x1
 1872 0148 13       		.uleb128 0x13
 1873 0149 00       		.byte	0
 1874 014a 00       		.byte	0
 1875 014b 1C       		.uleb128 0x1c
 1876 014c 17       		.uleb128 0x17
 1877 014d 01       		.byte	0x1
 1878 014e 0B       		.uleb128 0xb
 1879 014f 0B       		.uleb128 0xb
 1880 0150 3A       		.uleb128 0x3a
 1881 0151 0B       		.uleb128 0xb
 1882 0152 3B       		.uleb128 0x3b
 1883 0153 05       		.uleb128 0x5
 1884 0154 01       		.uleb128 0x1
 1885 0155 13       		.uleb128 0x13
 1886 0156 00       		.byte	0
 1887 0157 00       		.byte	0
 1888 0158 1D       		.uleb128 0x1d
 1889 0159 0D       		.uleb128 0xd
 1890 015a 00       		.byte	0
 1891 015b 03       		.uleb128 0x3
 1892 015c 0E       		.uleb128 0xe
 1893 015d 3A       		.uleb128 0x3a
 1894 015e 0B       		.uleb128 0xb
 1895 015f 3B       		.uleb128 0x3b
 1896 0160 05       		.uleb128 0x5
 1897 0161 49       		.uleb128 0x49
 1898 0162 13       		.uleb128 0x13
 1899 0163 00       		.byte	0
 1900 0164 00       		.byte	0
 1901 0165 1E       		.uleb128 0x1e
 1902 0166 13       		.uleb128 0x13
 1903 0167 00       		.byte	0
 1904 0168 03       		.uleb128 0x3
 1905 0169 0E       		.uleb128 0xe
 1906 016a 3C       		.uleb128 0x3c
 1907 016b 0C       		.uleb128 0xc
 1908 016c 00       		.byte	0
 1909 016d 00       		.byte	0
 1910 016e 1F       		.uleb128 0x1f
 1911 016f 15       		.uleb128 0x15
 1912 0170 01       		.byte	0x1
ARM GAS  /var/folders/nl/q97gxh4d5b321tqt4kfb6yzh0000gn/T//ccII5KeG.s 			page 35


 1913 0171 27       		.uleb128 0x27
 1914 0172 0C       		.uleb128 0xc
 1915 0173 01       		.uleb128 0x1
 1916 0174 13       		.uleb128 0x13
 1917 0175 00       		.byte	0
 1918 0176 00       		.byte	0
 1919 0177 20       		.uleb128 0x20
 1920 0178 2E       		.uleb128 0x2e
 1921 0179 01       		.byte	0x1
 1922 017a 3F       		.uleb128 0x3f
 1923 017b 0C       		.uleb128 0xc
 1924 017c 03       		.uleb128 0x3
 1925 017d 0E       		.uleb128 0xe
 1926 017e 3A       		.uleb128 0x3a
 1927 017f 0B       		.uleb128 0xb
 1928 0180 3B       		.uleb128 0x3b
 1929 0181 0B       		.uleb128 0xb
 1930 0182 27       		.uleb128 0x27
 1931 0183 0C       		.uleb128 0xc
 1932 0184 11       		.uleb128 0x11
 1933 0185 01       		.uleb128 0x1
 1934 0186 12       		.uleb128 0x12
 1935 0187 01       		.uleb128 0x1
 1936 0188 40       		.uleb128 0x40
 1937 0189 06       		.uleb128 0x6
 1938 018a 9742     		.uleb128 0x2117
 1939 018c 0C       		.uleb128 0xc
 1940 018d 01       		.uleb128 0x1
 1941 018e 13       		.uleb128 0x13
 1942 018f 00       		.byte	0
 1943 0190 00       		.byte	0
 1944 0191 21       		.uleb128 0x21
 1945 0192 05       		.uleb128 0x5
 1946 0193 00       		.byte	0
 1947 0194 03       		.uleb128 0x3
 1948 0195 0E       		.uleb128 0xe
 1949 0196 3A       		.uleb128 0x3a
 1950 0197 0B       		.uleb128 0xb
 1951 0198 3B       		.uleb128 0x3b
 1952 0199 0B       		.uleb128 0xb
 1953 019a 49       		.uleb128 0x49
 1954 019b 13       		.uleb128 0x13
 1955 019c 02       		.uleb128 0x2
 1956 019d 06       		.uleb128 0x6
 1957 019e 00       		.byte	0
 1958 019f 00       		.byte	0
 1959 01a0 22       		.uleb128 0x22
 1960 01a1 34       		.uleb128 0x34
 1961 01a2 00       		.byte	0
 1962 01a3 03       		.uleb128 0x3
 1963 01a4 0E       		.uleb128 0xe
 1964 01a5 3A       		.uleb128 0x3a
 1965 01a6 0B       		.uleb128 0xb
 1966 01a7 3B       		.uleb128 0x3b
 1967 01a8 0B       		.uleb128 0xb
 1968 01a9 49       		.uleb128 0x49
 1969 01aa 13       		.uleb128 0x13
ARM GAS  /var/folders/nl/q97gxh4d5b321tqt4kfb6yzh0000gn/T//ccII5KeG.s 			page 36


 1970 01ab 02       		.uleb128 0x2
 1971 01ac 0A       		.uleb128 0xa
 1972 01ad 00       		.byte	0
 1973 01ae 00       		.byte	0
 1974 01af 23       		.uleb128 0x23
 1975 01b0 898201   		.uleb128 0x4109
 1976 01b3 01       		.byte	0x1
 1977 01b4 11       		.uleb128 0x11
 1978 01b5 01       		.uleb128 0x1
 1979 01b6 31       		.uleb128 0x31
 1980 01b7 13       		.uleb128 0x13
 1981 01b8 00       		.byte	0
 1982 01b9 00       		.byte	0
 1983 01ba 24       		.uleb128 0x24
 1984 01bb 8A8201   		.uleb128 0x410a
 1985 01be 00       		.byte	0
 1986 01bf 02       		.uleb128 0x2
 1987 01c0 0A       		.uleb128 0xa
 1988 01c1 9142     		.uleb128 0x2111
 1989 01c3 0A       		.uleb128 0xa
 1990 01c4 00       		.byte	0
 1991 01c5 00       		.byte	0
 1992 01c6 25       		.uleb128 0x25
 1993 01c7 2E       		.uleb128 0x2e
 1994 01c8 00       		.byte	0
 1995 01c9 3F       		.uleb128 0x3f
 1996 01ca 0C       		.uleb128 0xc
 1997 01cb 3C       		.uleb128 0x3c
 1998 01cc 0C       		.uleb128 0xc
 1999 01cd 8740     		.uleb128 0x2007
 2000 01cf 0E       		.uleb128 0xe
 2001 01d0 03       		.uleb128 0x3
 2002 01d1 0E       		.uleb128 0xe
 2003 01d2 3A       		.uleb128 0x3a
 2004 01d3 0B       		.uleb128 0xb
 2005 01d4 3B       		.uleb128 0x3b
 2006 01d5 0B       		.uleb128 0xb
 2007 01d6 00       		.byte	0
 2008 01d7 00       		.byte	0
 2009 01d8 00       		.byte	0
 2010              		.section	.debug_loc,"",%progbits
 2011              	.Ldebug_loc0:
 2012              	.LLST0:
 2013 0000 00000000 		.4byte	.LFB127-.Ltext0
 2014 0004 02000000 		.4byte	.LCFI0-.Ltext0
 2015 0008 0200     		.2byte	0x2
 2016 000a 7D       		.byte	0x7d
 2017 000b 00       		.sleb128 0
 2018 000c 02000000 		.4byte	.LCFI0-.Ltext0
 2019 0010 16000000 		.4byte	.LCFI1-.Ltext0
 2020 0014 0200     		.2byte	0x2
 2021 0016 7D       		.byte	0x7d
 2022 0017 10       		.sleb128 16
 2023 0018 16000000 		.4byte	.LCFI1-.Ltext0
 2024 001c 1A000000 		.4byte	.LFE127-.Ltext0
 2025 0020 0200     		.2byte	0x2
 2026 0022 7D       		.byte	0x7d
ARM GAS  /var/folders/nl/q97gxh4d5b321tqt4kfb6yzh0000gn/T//ccII5KeG.s 			page 37


 2027 0023 04       		.sleb128 4
 2028 0024 00000000 		.4byte	0
 2029 0028 00000000 		.4byte	0
 2030              	.LLST1:
 2031 002c 00000000 		.4byte	.LVL0-.Ltext0
 2032 0030 10000000 		.4byte	.LVL2-.Ltext0
 2033 0034 0100     		.2byte	0x1
 2034 0036 50       		.byte	0x50
 2035 0037 10000000 		.4byte	.LVL2-.Ltext0
 2036 003b 13000000 		.4byte	.LVL3-1-.Ltext0
 2037 003f 0200     		.2byte	0x2
 2038 0041 72       		.byte	0x72
 2039 0042 00       		.sleb128 0
 2040 0043 13000000 		.4byte	.LVL3-1-.Ltext0
 2041 0047 1A000000 		.4byte	.LFE127-.Ltext0
 2042 004b 0400     		.2byte	0x4
 2043 004d F3       		.byte	0xf3
 2044 004e 01       		.uleb128 0x1
 2045 004f 50       		.byte	0x50
 2046 0050 9F       		.byte	0x9f
 2047 0051 00000000 		.4byte	0
 2048 0055 00000000 		.4byte	0
 2049              	.LLST2:
 2050 0059 00000000 		.4byte	.LVL0-.Ltext0
 2051 005d 0C000000 		.4byte	.LVL1-.Ltext0
 2052 0061 0100     		.2byte	0x1
 2053 0063 51       		.byte	0x51
 2054 0064 0C000000 		.4byte	.LVL1-.Ltext0
 2055 0068 13000000 		.4byte	.LVL3-1-.Ltext0
 2056 006c 0200     		.2byte	0x2
 2057 006e 91       		.byte	0x91
 2058 006f 74       		.sleb128 -12
 2059 0070 13000000 		.4byte	.LVL3-1-.Ltext0
 2060 0074 1A000000 		.4byte	.LFE127-.Ltext0
 2061 0078 0400     		.2byte	0x4
 2062 007a F3       		.byte	0xf3
 2063 007b 01       		.uleb128 0x1
 2064 007c 51       		.byte	0x51
 2065 007d 9F       		.byte	0x9f
 2066 007e 00000000 		.4byte	0
 2067 0082 00000000 		.4byte	0
 2068              		.section	.debug_aranges,"",%progbits
 2069 0000 1C000000 		.4byte	0x1c
 2070 0004 0200     		.2byte	0x2
 2071 0006 00000000 		.4byte	.Ldebug_info0
 2072 000a 04       		.byte	0x4
 2073 000b 00       		.byte	0
 2074 000c 0000     		.2byte	0
 2075 000e 0000     		.2byte	0
 2076 0010 00000000 		.4byte	.Ltext0
 2077 0014 1A000000 		.4byte	.Letext0-.Ltext0
 2078 0018 00000000 		.4byte	0
 2079 001c 00000000 		.4byte	0
 2080              		.section	.debug_line,"",%progbits
 2081              	.Ldebug_line0:
 2082 0000 18030000 		.section	.debug_str,"MS",%progbits,1
 2082      02000003 
ARM GAS  /var/folders/nl/q97gxh4d5b321tqt4kfb6yzh0000gn/T//ccII5KeG.s 			page 38


 2082      00000201 
 2082      FB0E0D00 
 2082      01010101 
 2083              	.LASF49:
 2084 0000 5F64736F 		.ascii	"_dso_handle\000"
 2084      5F68616E 
 2084      646C6500 
 2085              	.LASF2:
 2086 000c 73686F72 		.ascii	"short int\000"
 2086      7420696E 
 2086      7400
 2087              	.LASF48:
 2088 0016 5F666E61 		.ascii	"_fnargs\000"
 2088      72677300 
 2089              	.LASF102:
 2090 001e 5F72616E 		.ascii	"_rand48\000"
 2090      64343800 
 2091              	.LASF81:
 2092 0026 5F656D65 		.ascii	"_emergency\000"
 2092      7267656E 
 2092      637900
 2093              	.LASF3:
 2094 0031 5F5F7569 		.ascii	"__uint8_t\000"
 2094      6E74385F 
 2094      7400
 2095              	.LASF93:
 2096 003b 5F617465 		.ascii	"_atexit0\000"
 2096      78697430 
 2096      00
 2097              	.LASF122:
 2098 0044 5F776372 		.ascii	"_wcrtomb_state\000"
 2098      746F6D62 
 2098      5F737461 
 2098      746500
 2099              	.LASF123:
 2100 0053 5F776373 		.ascii	"_wcsrtombs_state\000"
 2100      72746F6D 
 2100      62735F73 
 2100      74617465 
 2100      00
 2101              	.LASF11:
 2102 0064 6C6F6E67 		.ascii	"long long unsigned int\000"
 2102      206C6F6E 
 2102      6720756E 
 2102      7369676E 
 2102      65642069 
 2103              	.LASF61:
 2104 007b 5F6C6266 		.ascii	"_lbfsize\000"
 2104      73697A65 
 2104      00
 2105              	.LASF137:
 2106 0084 5F5F6C6F 		.ascii	"__locale_t\000"
 2106      63616C65 
 2106      5F7400
 2107              	.LASF18:
 2108 008f 49544D5F 		.ascii	"ITM_RxBuffer\000"
 2108      52784275 
ARM GAS  /var/folders/nl/q97gxh4d5b321tqt4kfb6yzh0000gn/T//ccII5KeG.s 			page 39


 2108      66666572 
 2108      00
 2109              	.LASF120:
 2110 009c 5F6D6272 		.ascii	"_mbrtowc_state\000"
 2110      746F7763 
 2110      5F737461 
 2110      746500
 2111              	.LASF115:
 2112 00ab 5F776374 		.ascii	"_wctomb_state\000"
 2112      6F6D625F 
 2112      73746174 
 2112      6500
 2113              	.LASF38:
 2114 00b9 5F5F746D 		.ascii	"__tm_sec\000"
 2114      5F736563 
 2114      00
 2115              	.LASF22:
 2116 00c2 5F6F6666 		.ascii	"_off_t\000"
 2116      5F7400
 2117              	.LASF66:
 2118 00c9 5F636C6F 		.ascii	"_close\000"
 2118      736500
 2119              	.LASF0:
 2120 00d0 7369676E 		.ascii	"signed char\000"
 2120      65642063 
 2120      68617200 
 2121              	.LASF136:
 2122 00dc 2F557365 		.ascii	"/Users/lukashann/Documents/Imperial College London/"
 2122      72732F6C 
 2122      756B6173 
 2122      68616E6E 
 2122      2F446F63 
 2123 010f 59656172 		.ascii	"Year 3/Project/fNIRS-Musketeers/nrf52/blinky\000"
 2123      20332F50 
 2123      726F6A65 
 2123      63742F66 
 2123      4E495253 
 2124              	.LASF67:
 2125 013c 5F756275 		.ascii	"_ubuf\000"
 2125      6600
 2126              	.LASF56:
 2127 0142 5F626173 		.ascii	"_base\000"
 2127      6500
 2128              	.LASF40:
 2129 0148 5F5F746D 		.ascii	"__tm_hour\000"
 2129      5F686F75 
 2129      7200
 2130              	.LASF96:
 2131 0152 5F5F7366 		.ascii	"__sf\000"
 2131      00
 2132              	.LASF47:
 2133 0157 5F6F6E5F 		.ascii	"_on_exit_args\000"
 2133      65786974 
 2133      5F617267 
 2133      7300
 2134              	.LASF62:
 2135 0165 5F636F6F 		.ascii	"_cookie\000"
ARM GAS  /var/folders/nl/q97gxh4d5b321tqt4kfb6yzh0000gn/T//ccII5KeG.s 			page 40


 2135      6B696500 
 2136              	.LASF95:
 2137 016d 5F5F7367 		.ascii	"__sglue\000"
 2137      6C756500 
 2138              	.LASF7:
 2139 0175 6C6F6E67 		.ascii	"long int\000"
 2139      20696E74 
 2139      00
 2140              	.LASF59:
 2141 017e 5F666C61 		.ascii	"_flags\000"
 2141      677300
 2142              	.LASF51:
 2143 0185 5F69735F 		.ascii	"_is_cxa\000"
 2143      63786100 
 2144              	.LASF77:
 2145 018d 5F737464 		.ascii	"_stdin\000"
 2145      696E00
 2146              	.LASF87:
 2147 0194 5F726573 		.ascii	"_result_k\000"
 2147      756C745F 
 2147      6B00
 2148              	.LASF10:
 2149 019e 6C6F6E67 		.ascii	"long long int\000"
 2149      206C6F6E 
 2149      6720696E 
 2149      7400
 2150              	.LASF14:
 2151 01ac 75696E74 		.ascii	"uint16_t\000"
 2151      31365F74 
 2151      00
 2152              	.LASF91:
 2153 01b5 5F637674 		.ascii	"_cvtbuf\000"
 2153      62756600 
 2154              	.LASF70:
 2155 01bd 5F6F6666 		.ascii	"_offset\000"
 2155      73657400 
 2156              	.LASF121:
 2157 01c5 5F6D6273 		.ascii	"_mbsrtowcs_state\000"
 2157      72746F77 
 2157      63735F73 
 2157      74617465 
 2157      00
 2158              	.LASF119:
 2159 01d6 5F6D6272 		.ascii	"_mbrlen_state\000"
 2159      6C656E5F 
 2159      73746174 
 2159      6500
 2160              	.LASF135:
 2161 01e4 2E2E2F73 		.ascii	"../sdk/nRF5_SDK_12.2.0_f012efa/components/libraries"
 2161      646B2F6E 
 2161      5246355F 
 2161      53444B5F 
 2161      31322E32 
 2162 0217 2F757469 		.ascii	"/util/nrf_assert.c\000"
 2162      6C2F6E72 
 2162      665F6173 
 2162      73657274 
ARM GAS  /var/folders/nl/q97gxh4d5b321tqt4kfb6yzh0000gn/T//ccII5KeG.s 			page 41


 2162      2E6300
 2163              	.LASF54:
 2164 022a 5F666E73 		.ascii	"_fns\000"
 2164      00
 2165              	.LASF8:
 2166 022f 5F5F7569 		.ascii	"__uint32_t\000"
 2166      6E743332 
 2166      5F7400
 2167              	.LASF133:
 2168 023a 66696C65 		.ascii	"file_name\000"
 2168      5F6E616D 
 2168      6500
 2169              	.LASF34:
 2170 0244 5F736967 		.ascii	"_sign\000"
 2170      6E00
 2171              	.LASF128:
 2172 024a 5F696D70 		.ascii	"_impure_ptr\000"
 2172      7572655F 
 2172      70747200 
 2173              	.LASF79:
 2174 0256 5F737464 		.ascii	"_stderr\000"
 2174      65727200 
 2175              	.LASF36:
 2176 025e 5F426967 		.ascii	"_Bigint\000"
 2176      696E7400 
 2177              	.LASF63:
 2178 0266 5F726561 		.ascii	"_read\000"
 2178      6400
 2179              	.LASF37:
 2180 026c 5F5F746D 		.ascii	"__tm\000"
 2180      00
 2181              	.LASF26:
 2182 0271 5F5F7763 		.ascii	"__wchb\000"
 2182      686200
 2183              	.LASF19:
 2184 0278 53797374 		.ascii	"SystemCoreClock\000"
 2184      656D436F 
 2184      7265436C 
 2184      6F636B00 
 2185              	.LASF78:
 2186 0288 5F737464 		.ascii	"_stdout\000"
 2186      6F757400 
 2187              	.LASF90:
 2188 0290 5F637674 		.ascii	"_cvtlen\000"
 2188      6C656E00 
 2189              	.LASF9:
 2190 0298 6C6F6E67 		.ascii	"long unsigned int\000"
 2190      20756E73 
 2190      69676E65 
 2190      6420696E 
 2190      7400
 2191              	.LASF60:
 2192 02aa 5F66696C 		.ascii	"_file\000"
 2192      6500
 2193              	.LASF131:
 2194 02b0 705F6669 		.ascii	"p_file_name\000"
 2194      6C655F6E 
ARM GAS  /var/folders/nl/q97gxh4d5b321tqt4kfb6yzh0000gn/T//ccII5KeG.s 			page 42


 2194      616D6500 
 2195              	.LASF71:
 2196 02bc 5F646174 		.ascii	"_data\000"
 2196      6100
 2197              	.LASF100:
 2198 02c2 5F6E696F 		.ascii	"_niobs\000"
 2198      627300
 2199              	.LASF111:
 2200 02c9 5F72616E 		.ascii	"_rand_next\000"
 2200      645F6E65 
 2200      787400
 2201              	.LASF117:
 2202 02d4 5F736967 		.ascii	"_signal_buf\000"
 2202      6E616C5F 
 2202      62756600 
 2203              	.LASF108:
 2204 02e0 5F617363 		.ascii	"_asctime_buf\000"
 2204      74696D65 
 2204      5F627566 
 2204      00
 2205              	.LASF86:
 2206 02ed 5F726573 		.ascii	"_result\000"
 2206      756C7400 
 2207              	.LASF25:
 2208 02f5 5F5F7763 		.ascii	"__wch\000"
 2208      6800
 2209              	.LASF92:
 2210 02fb 5F6E6577 		.ascii	"_new\000"
 2210      00
 2211              	.LASF72:
 2212 0300 5F6C6F63 		.ascii	"_lock\000"
 2212      6B00
 2213              	.LASF104:
 2214 0306 5F6D756C 		.ascii	"_mult\000"
 2214      7400
 2215              	.LASF64:
 2216 030c 5F777269 		.ascii	"_write\000"
 2216      746500
 2217              	.LASF43:
 2218 0313 5F5F746D 		.ascii	"__tm_year\000"
 2218      5F796561 
 2218      7200
 2219              	.LASF139:
 2220 031d 61737365 		.ascii	"assert_info\000"
 2220      72745F69 
 2220      6E666F00 
 2221              	.LASF126:
 2222 0329 5F6E6D61 		.ascii	"_nmalloc\000"
 2222      6C6C6F63 
 2222      00
 2223              	.LASF17:
 2224 0332 73697A65 		.ascii	"sizetype\000"
 2224      74797065 
 2224      00
 2225              	.LASF134:
 2226 033b 474E5520 		.ascii	"GNU C11 6.2.1 20161205 (release) [ARM/embedded-6-br"
 2226      43313120 
ARM GAS  /var/folders/nl/q97gxh4d5b321tqt4kfb6yzh0000gn/T//ccII5KeG.s 			page 43


 2226      362E322E 
 2226      31203230 
 2226      31363132 
 2227 036e 616E6368 		.ascii	"anch revision 243739] -mcpu=cortex-m4 -mthumb -gdwa"
 2227      20726576 
 2227      6973696F 
 2227      6E203234 
 2227      33373339 
 2228 03a1 72662D32 		.ascii	"rf-2 -Os -fomit-frame-pointer\000"
 2228      202D4F73 
 2228      202D666F 
 2228      6D69742D 
 2228      6672616D 
 2229              	.LASF132:
 2230 03bf 61737365 		.ascii	"assert_info_t\000"
 2230      72745F69 
 2230      6E666F5F 
 2230      7400
 2231              	.LASF125:
 2232 03cd 5F6E6578 		.ascii	"_nextf\000"
 2232      746600
 2233              	.LASF42:
 2234 03d4 5F5F746D 		.ascii	"__tm_mon\000"
 2234      5F6D6F6E 
 2234      00
 2235              	.LASF52:
 2236 03dd 5F617465 		.ascii	"_atexit\000"
 2236      78697400 
 2237              	.LASF84:
 2238 03e5 5F5F7364 		.ascii	"__sdidinit\000"
 2238      6964696E 
 2238      697400
 2239              	.LASF110:
 2240 03f0 5F67616D 		.ascii	"_gamma_signgam\000"
 2240      6D615F73 
 2240      69676E67 
 2240      616D00
 2241              	.LASF24:
 2242 03ff 77696E74 		.ascii	"wint_t\000"
 2242      5F7400
 2243              	.LASF89:
 2244 0406 5F667265 		.ascii	"_freelist\000"
 2244      656C6973 
 2244      7400
 2245              	.LASF21:
 2246 0410 5F4C4F43 		.ascii	"_LOCK_RECURSIVE_T\000"
 2246      4B5F5245 
 2246      43555253 
 2246      4956455F 
 2246      5400
 2247              	.LASF130:
 2248 0422 6C696E65 		.ascii	"line_num\000"
 2248      5F6E756D 
 2248      00
 2249              	.LASF15:
 2250 042b 696E7433 		.ascii	"int32_t\000"
 2250      325F7400 
ARM GAS  /var/folders/nl/q97gxh4d5b321tqt4kfb6yzh0000gn/T//ccII5KeG.s 			page 44


 2251              	.LASF1:
 2252 0433 756E7369 		.ascii	"unsigned char\000"
 2252      676E6564 
 2252      20636861 
 2252      7200
 2253              	.LASF101:
 2254 0441 5F696F62 		.ascii	"_iobs\000"
 2254      7300
 2255              	.LASF124:
 2256 0447 5F685F65 		.ascii	"_h_errno\000"
 2256      72726E6F 
 2256      00
 2257              	.LASF30:
 2258 0450 5F666C6F 		.ascii	"_flock_t\000"
 2258      636B5F74 
 2258      00
 2259              	.LASF45:
 2260 0459 5F5F746D 		.ascii	"__tm_yday\000"
 2260      5F796461 
 2260      7900
 2261              	.LASF55:
 2262 0463 5F5F7362 		.ascii	"__sbuf\000"
 2262      756600
 2263              	.LASF74:
 2264 046a 5F666C61 		.ascii	"_flags2\000"
 2264      67733200 
 2265              	.LASF98:
 2266 0472 5F5F4649 		.ascii	"__FILE\000"
 2266      4C4500
 2267              	.LASF29:
 2268 0479 5F6D6273 		.ascii	"_mbstate_t\000"
 2268      74617465 
 2268      5F7400
 2269              	.LASF58:
 2270 0484 5F5F7346 		.ascii	"__sFILE\000"
 2270      494C4500 
 2271              	.LASF73:
 2272 048c 5F6D6273 		.ascii	"_mbstate\000"
 2272      74617465 
 2272      00
 2273              	.LASF113:
 2274 0495 5F6D626C 		.ascii	"_mblen_state\000"
 2274      656E5F73 
 2274      74617465 
 2274      00
 2275              	.LASF80:
 2276 04a2 5F696E63 		.ascii	"_inc\000"
 2276      00
 2277              	.LASF53:
 2278 04a7 5F696E64 		.ascii	"_ind\000"
 2278      00
 2279              	.LASF83:
 2280 04ac 5F6C6F63 		.ascii	"_locale\000"
 2280      616C6500 
 2281              	.LASF85:
 2282 04b4 5F5F636C 		.ascii	"__cleanup\000"
 2282      65616E75 
ARM GAS  /var/folders/nl/q97gxh4d5b321tqt4kfb6yzh0000gn/T//ccII5KeG.s 			page 45


 2282      7000
 2283              	.LASF82:
 2284 04be 5F756E73 		.ascii	"_unspecified_locale_info\000"
 2284      70656369 
 2284      66696564 
 2284      5F6C6F63 
 2284      616C655F 
 2285              	.LASF33:
 2286 04d7 5F6D6178 		.ascii	"_maxwds\000"
 2286      77647300 
 2287              	.LASF75:
 2288 04df 5F726565 		.ascii	"_reent\000"
 2288      6E7400
 2289              	.LASF103:
 2290 04e6 5F736565 		.ascii	"_seed\000"
 2290      6400
 2291              	.LASF27:
 2292 04ec 5F5F636F 		.ascii	"__count\000"
 2292      756E7400 
 2293              	.LASF28:
 2294 04f4 5F5F7661 		.ascii	"__value\000"
 2294      6C756500 
 2295              	.LASF65:
 2296 04fc 5F736565 		.ascii	"_seek\000"
 2296      6B00
 2297              	.LASF44:
 2298 0502 5F5F746D 		.ascii	"__tm_wday\000"
 2298      5F776461 
 2298      7900
 2299              	.LASF23:
 2300 050c 5F66706F 		.ascii	"_fpos_t\000"
 2300      735F7400 
 2301              	.LASF20:
 2302 0514 6C6F6E67 		.ascii	"long double\000"
 2302      20646F75 
 2302      626C6500 
 2303              	.LASF76:
 2304 0520 5F657272 		.ascii	"_errno\000"
 2304      6E6F00
 2305              	.LASF97:
 2306 0527 63686172 		.ascii	"char\000"
 2306      00
 2307              	.LASF69:
 2308 052c 5F626C6B 		.ascii	"_blksize\000"
 2308      73697A65 
 2308      00
 2309              	.LASF57:
 2310 0535 5F73697A 		.ascii	"_size\000"
 2310      6500
 2311              	.LASF12:
 2312 053b 756E7369 		.ascii	"unsigned int\000"
 2312      676E6564 
 2312      20696E74 
 2312      00
 2313              	.LASF4:
 2314 0548 5F5F7569 		.ascii	"__uint16_t\000"
 2314      6E743136 
ARM GAS  /var/folders/nl/q97gxh4d5b321tqt4kfb6yzh0000gn/T//ccII5KeG.s 			page 46


 2314      5F7400
 2315              	.LASF138:
 2316 0553 61737365 		.ascii	"assert_nrf_callback\000"
 2316      72745F6E 
 2316      72665F63 
 2316      616C6C62 
 2316      61636B00 
 2317              	.LASF6:
 2318 0567 5F5F696E 		.ascii	"__int32_t\000"
 2318      7433325F 
 2318      7400
 2319              	.LASF140:
 2320 0571 6170705F 		.ascii	"app_error_fault_handler\000"
 2320      6572726F 
 2320      725F6661 
 2320      756C745F 
 2320      68616E64 
 2321              	.LASF32:
 2322 0589 5F6E6578 		.ascii	"_next\000"
 2322      7400
 2323              	.LASF107:
 2324 058f 5F737472 		.ascii	"_strtok_last\000"
 2324      746F6B5F 
 2324      6C617374 
 2324      00
 2325              	.LASF50:
 2326 059c 5F666E74 		.ascii	"_fntypes\000"
 2326      79706573 
 2326      00
 2327              	.LASF5:
 2328 05a5 73686F72 		.ascii	"short unsigned int\000"
 2328      7420756E 
 2328      7369676E 
 2328      65642069 
 2328      6E7400
 2329              	.LASF105:
 2330 05b8 5F616464 		.ascii	"_add\000"
 2330      00
 2331              	.LASF31:
 2332 05bd 5F5F554C 		.ascii	"__ULong\000"
 2332      6F6E6700 
 2333              	.LASF118:
 2334 05c5 5F676574 		.ascii	"_getdate_err\000"
 2334      64617465 
 2334      5F657272 
 2334      00
 2335              	.LASF129:
 2336 05d2 5F676C6F 		.ascii	"_global_impure_ptr\000"
 2336      62616C5F 
 2336      696D7075 
 2336      72655F70 
 2336      747200
 2337              	.LASF16:
 2338 05e5 75696E74 		.ascii	"uint32_t\000"
 2338      33325F74 
 2338      00
 2339              	.LASF106:
ARM GAS  /var/folders/nl/q97gxh4d5b321tqt4kfb6yzh0000gn/T//ccII5KeG.s 			page 47


 2340 05ee 5F756E75 		.ascii	"_unused_rand\000"
 2340      7365645F 
 2340      72616E64 
 2340      00
 2341              	.LASF35:
 2342 05fb 5F776473 		.ascii	"_wds\000"
 2342      00
 2343              	.LASF99:
 2344 0600 5F676C75 		.ascii	"_glue\000"
 2344      6500
 2345              	.LASF13:
 2346 0606 75696E74 		.ascii	"uint8_t\000"
 2346      385F7400 
 2347              	.LASF116:
 2348 060e 5F6C3634 		.ascii	"_l64a_buf\000"
 2348      615F6275 
 2348      6600
 2349              	.LASF94:
 2350 0618 5F736967 		.ascii	"_sig_func\000"
 2350      5F66756E 
 2350      6300
 2351              	.LASF68:
 2352 0622 5F6E6275 		.ascii	"_nbuf\000"
 2352      6600
 2353              	.LASF127:
 2354 0628 5F756E75 		.ascii	"_unused\000"
 2354      73656400 
 2355              	.LASF46:
 2356 0630 5F5F746D 		.ascii	"__tm_isdst\000"
 2356      5F697364 
 2356      737400
 2357              	.LASF109:
 2358 063b 5F6C6F63 		.ascii	"_localtime_buf\000"
 2358      616C7469 
 2358      6D655F62 
 2358      756600
 2359              	.LASF39:
 2360 064a 5F5F746D 		.ascii	"__tm_min\000"
 2360      5F6D696E 
 2360      00
 2361              	.LASF112:
 2362 0653 5F723438 		.ascii	"_r48\000"
 2362      00
 2363              	.LASF114:
 2364 0658 5F6D6274 		.ascii	"_mbtowc_state\000"
 2364      6F77635F 
 2364      73746174 
 2364      6500
 2365              	.LASF88:
 2366 0666 5F703573 		.ascii	"_p5s\000"
 2366      00
 2367              	.LASF41:
 2368 066b 5F5F746D 		.ascii	"__tm_mday\000"
 2368      5F6D6461 
 2368      7900
 2369              		.ident	"GCC: (GNU Tools for ARM Embedded Processors) 6.2.1 20161205 (release) [ARM/embedded-6-bran
ARM GAS  /var/folders/nl/q97gxh4d5b321tqt4kfb6yzh0000gn/T//ccII5KeG.s 			page 48


DEFINED SYMBOLS
                            *ABS*:0000000000000000 nrf_assert.c
/var/folders/nl/q97gxh4d5b321tqt4kfb6yzh0000gn/T//ccII5KeG.s:87     .text:0000000000000000 $t
/var/folders/nl/q97gxh4d5b321tqt4kfb6yzh0000gn/T//ccII5KeG.s:94     .text:0000000000000000 assert_nrf_callback
                     .debug_frame:0000000000000010 $d

UNDEFINED SYMBOLS
app_error_fault_handler
