ARM GAS  /var/folders/nl/q97gxh4d5b321tqt4kfb6yzh0000gn/T//ccHQvb91.s 			page 1


   1              		.cpu cortex-m4
   2              		.eabi_attribute 20, 1	@ Tag_ABI_FP_denormal
   3              		.eabi_attribute 21, 1	@ Tag_ABI_FP_exceptions
   4              		.eabi_attribute 23, 3	@ Tag_ABI_FP_number_model
   5              		.eabi_attribute 24, 1	@ Tag_ABI_align8_needed
   6              		.eabi_attribute 25, 1	@ Tag_ABI_align8_preserved
   7              		.eabi_attribute 26, 1	@ Tag_ABI_enum_size
   8              		.eabi_attribute 30, 4	@ Tag_ABI_optimization_goals
   9              		.eabi_attribute 34, 1	@ Tag_CPU_unaligned_access
  10              		.eabi_attribute 18, 4	@ Tag_ABI_PCS_wchar_t
  11              		.file	"nrf_saadc.c"
  12              	@ GNU C11 (GNU Tools for ARM Embedded Processors) version 6.2.1 20161205 (release) [ARM/embedded-6-
  13              	@	compiled by GNU C version 5.4.0, GMP version 6.1.0, MPFR version 3.1.4, MPC version 1.0.3, isl ve
  14              	@ GGC heuristics: --param ggc-min-expand=100 --param ggc-min-heapsize=131072
  15              	@ options passed:  -I . -I include/ -I cfg/
  16              	@ -I ../sdk/nRF5_SDK_12.2.0_f012efa/components/toolchain
  17              	@ -I ../sdk/nRF5_SDK_12.2.0_f012efa/components/toolchain/arm
  18              	@ -I ../sdk/nRF5_SDK_12.2.0_f012efa/components/toolchain/gcc
  19              	@ -I ../sdk/nRF5_SDK_12.2.0_f012efa/components/device
  20              	@ -I ../sdk/nRF5_SDK_12.2.0_f012efa/components/toolchain/cmsis/include
  21              	@ -I ../sdk/nRF5_SDK_12.2.0_f012efa/components/libraries/log
  22              	@ -I ../sdk/nRF5_SDK_12.2.0_f012efa/components/libraries/log/src
  23              	@ -I ../sdk/nRF5_SDK_12.2.0_f012efa/components/drivers_nrf/nrf_soc_nosd
  24              	@ -I ../sdk/nRF5_SDK_12.2.0_f012efa/components/drivers_nrf/hal
  25              	@ -I ../sdk/nRF5_SDK_12.2.0_f012efa/components/drivers_nrf/common
  26              	@ -I ../sdk/nRF5_SDK_12.2.0_f012efa/components/libraries/util
  27              	@ -imultilib thumb/v7e-m
  28              	@ -iprefix /Users/lukashann/Documents/Imperial College London/Year 3/Project/fNIRS-Musketeers/nrf52
  29              	@ -isysroot /Users/lukashann/Documents/Imperial College London/Year 3/Project/fNIRS-Musketeers/nrf5
  30              	@ -MD ../sdk/nRF5_SDK_12.2.0_f012efa/components/drivers_nrf/hal/nrf_saadc.d
  31              	@ -MF .depnrf_saadc.o.d -MP
  32              	@ -MQ ../sdk/nRF5_SDK_12.2.0_f012efa/components/drivers_nrf/hal/nrf_saadc.o
  33              	@ -D__USES_INITFINI__ -D NRF52
  34              	@ ../sdk/nRF5_SDK_12.2.0_f012efa/components/drivers_nrf/hal/nrf_saadc.c
  35              	@ -mcpu=cortex-m4 -mthumb
  36              	@ -auxbase-strip ../sdk/nRF5_SDK_12.2.0_f012efa/components/drivers_nrf/hal/nrf_saadc.o
  37              	@ -gdwarf-2 -Os -Wall -Wstrict-prototypes -fomit-frame-pointer
  38              	@ -fverbose-asm
  39              	@ options enabled:  -faggressive-loop-optimizations -falign-jumps
  40              	@ -falign-labels -falign-loops -fauto-inc-dec -fbranch-count-reg
  41              	@ -fcaller-saves -fchkp-check-incomplete-type -fchkp-check-read
  42              	@ -fchkp-check-write -fchkp-instrument-calls -fchkp-narrow-bounds
  43              	@ -fchkp-optimize -fchkp-store-bounds -fchkp-use-static-bounds
  44              	@ -fchkp-use-static-const-bounds -fchkp-use-wrappers
  45              	@ -fcombine-stack-adjustments -fcommon -fcompare-elim -fcprop-registers
  46              	@ -fcrossjumping -fcse-follow-jumps -fdefer-pop
  47              	@ -fdelete-null-pointer-checks -fdevirtualize -fdevirtualize-speculatively
  48              	@ -fdwarf2-cfi-asm -fearly-inlining -feliminate-unused-debug-types
  49              	@ -fexpensive-optimizations -fforward-propagate -ffunction-cse -fgcse
  50              	@ -fgcse-lm -fgnu-runtime -fgnu-unique -fguess-branch-probability
  51              	@ -fhoist-adjacent-loads -fident -fif-conversion -fif-conversion2
  52              	@ -findirect-inlining -finline -finline-atomics -finline-functions
  53              	@ -finline-functions-called-once -finline-small-functions -fipa-cp
  54              	@ -fipa-cp-alignment -fipa-icf -fipa-icf-functions -fipa-icf-variables
  55              	@ -fipa-profile -fipa-pure-const -fipa-ra -fipa-reference -fipa-sra
  56              	@ -fira-hoist-pressure -fira-share-save-slots -fira-share-spill-slots
  57              	@ -fisolate-erroneous-paths-dereference -fivopts -fkeep-static-consts
ARM GAS  /var/folders/nl/q97gxh4d5b321tqt4kfb6yzh0000gn/T//ccHQvb91.s 			page 2


  58              	@ -fleading-underscore -flifetime-dse -flra-remat -flto-odr-type-merging
  59              	@ -fmath-errno -fmerge-constants -fmerge-debug-strings
  60              	@ -fmove-loop-invariants -fomit-frame-pointer -foptimize-sibling-calls
  61              	@ -fpartial-inlining -fpeephole -fpeephole2 -fplt -fprefetch-loop-arrays
  62              	@ -freg-struct-return -freorder-blocks -freorder-functions
  63              	@ -frerun-cse-after-loop -fsched-critical-path-heuristic
  64              	@ -fsched-dep-count-heuristic -fsched-group-heuristic -fsched-interblock
  65              	@ -fsched-last-insn-heuristic -fsched-pressure -fsched-rank-heuristic
  66              	@ -fsched-spec -fsched-spec-insn-heuristic -fsched-stalled-insns-dep
  67              	@ -fschedule-insns2 -fsection-anchors -fsemantic-interposition
  68              	@ -fshow-column -fsigned-zeros -fsplit-ivs-in-unroller -fsplit-wide-types
  69              	@ -fssa-backprop -fssa-phiopt -fstdarg-opt -fstrict-aliasing
  70              	@ -fstrict-overflow -fstrict-volatile-bitfields -fsync-libcalls
  71              	@ -fthread-jumps -ftoplevel-reorder -ftrapping-math -ftree-bit-ccp
  72              	@ -ftree-builtin-call-dce -ftree-ccp -ftree-ch -ftree-coalesce-vars
  73              	@ -ftree-copy-prop -ftree-cselim -ftree-dce -ftree-dominator-opts
  74              	@ -ftree-dse -ftree-forwprop -ftree-fre -ftree-loop-if-convert
  75              	@ -ftree-loop-im -ftree-loop-ivcanon -ftree-loop-optimize
  76              	@ -ftree-parallelize-loops= -ftree-phiprop -ftree-pre -ftree-pta
  77              	@ -ftree-reassoc -ftree-scev-cprop -ftree-sink -ftree-slsr -ftree-sra
  78              	@ -ftree-switch-conversion -ftree-tail-merge -ftree-ter -ftree-vrp
  79              	@ -funit-at-a-time -fvar-tracking -fvar-tracking-assignments -fverbose-asm
  80              	@ -fzero-initialized-in-bss -masm-syntax-unified -mlittle-endian
  81              	@ -mpic-data-is-text-relative -msched-prolog -mthumb -munaligned-access
  82              	@ -mvectorize-with-neon-quad
  83              	
  84              		.text
  85              	.Ltext0:
  86              		.cfi_sections	.debug_frame
  87              	.Letext0:
  88              		.section	.debug_line,"",%progbits
  89              	.Ldebug_line0:
  90              		.section	.debug_str,"MS",%progbits,1
  91              	.LASF0:
  92 0000 2E2E2F73 		.ascii	"../sdk/nRF5_SDK_12.2.0_f012efa/components/drivers_n"
  92      646B2F6E 
  92      5246355F 
  92      53444B5F 
  92      31322E32 
  93 0033 72662F68 		.ascii	"rf/hal/nrf_saadc.c\000"
  93      616C2F6E 
  93      72665F73 
  93      61616463 
  93      2E6300
  94              	.LASF1:
  95 0046 474E5520 		.ascii	"GNU C11 6.2.1 20161205 (release) [ARM/embedded-6-br"
  95      43313120 
  95      362E322E 
  95      31203230 
  95      31363132 
  96 0079 616E6368 		.ascii	"anch revision 243739] -mcpu=cortex-m4 -mthumb -gdwa"
  96      20726576 
  96      6973696F 
  96      6E203234 
  96      33373339 
  97 00ac 72662D32 		.ascii	"rf-2 -Os -fomit-frame-pointer\000"
  97      202D4F73 
ARM GAS  /var/folders/nl/q97gxh4d5b321tqt4kfb6yzh0000gn/T//ccHQvb91.s 			page 3


  97      202D666F 
  97      6D69742D 
  97      6672616D 
  98              	.LASF2:
  99 00ca 2F557365 		.ascii	"/Users/lukashann/Documents/Imperial College London/"
  99      72732F6C 
  99      756B6173 
  99      68616E6E 
  99      2F446F63 
 100 00fd 59656172 		.ascii	"Year 3/Project/fNIRS-Musketeers/nrf52/blinky\000"
 100      20332F50 
 100      726F6A65 
 100      63742F66 
 100      4E495253 
 101              		.ident	"GCC: (GNU Tools for ARM Embedded Processors) 6.2.1 20161205 (release) [ARM/embedded-6-bran
ARM GAS  /var/folders/nl/q97gxh4d5b321tqt4kfb6yzh0000gn/T//ccHQvb91.s 			page 4


DEFINED SYMBOLS
                            *ABS*:0000000000000000 nrf_saadc.c

NO UNDEFINED SYMBOLS
